23:20:07.554 [main                     ] DEBUG Logger               - Configured Logger
23:20:07.564 [main                     ] DEBUG GameApplication      - Logging settings
Title: Team Project
Version: 0.0
Width: 800
Height: 600
Fullscreen: false
Intro: false
Profiling: false
Single step:false
App Mode: DEVELOPER
Menu Key: ESCAPE
Stage Style: DECORATED
Scene Factory: class com.almasb.fxgl.app.scene.SceneFactory

23:20:08.028 [JavaFX Application Thread] DEBUG FXGLApplication      - Initializing FXGL
23:20:08.029 [JavaFX Application Thread] INFO  Engine               - FXGL-17.3 (30.03.2023 11.49) on MAC (J:21.0.3 FX:21.0.7)
23:20:08.029 [JavaFX Application Thread] DEBUG Engine               - JRE Vendor Name: Oracle Corporation
23:20:08.030 [JavaFX Application Thread] DEBUG Engine               - Running on OS: Mac OS X version 15.3
23:20:08.030 [JavaFX Application Thread] DEBUG Engine               - Architecture: aarch64
23:20:08.030 [JavaFX Application Thread] INFO  Engine               - Source code and latest versions at: https://github.com/AlmasB/FXGL
23:20:08.030 [JavaFX Application Thread] INFO  Engine               -       Ask questions and discuss at: https://github.com/AlmasB/FXGL/discussions
23:20:08.030 [JavaFX Application Thread] INFO  Engine               -              Join the FXGL chat at: https://gitter.im/AlmasB/FXGL
23:20:08.060 [JavaFX Application Thread] DEBUG PrimaryStageWindow   - Creating a JavaFX scene
23:20:08.195 [JavaFX Application Thread] DEBUG PrimaryStageWindow   - Target settings size: 800.0 x 600.0
23:20:08.195 [JavaFX Application Thread] DEBUG PrimaryStageWindow   - Scaled scene size:    800.0 x 600.0
23:20:08.196 [JavaFX Application Thread] DEBUG PrimaryStageWindow   - Scaled ratio: (1.0, 1.0)
23:20:08.196 [JavaFX Application Thread] DEBUG PrimaryStageWindow   - Set initial scene to FXGLStartupScene
23:20:08.198 [JavaFX Application Thread] DEBUG PrimaryStageWindow   - Opening main window
23:20:08.291 [JavaFX Application Thread] DEBUG PrimaryStageWindow   - Window border size: (0.0, 28.0)
23:20:08.291 [JavaFX Application Thread] DEBUG PrimaryStageWindow   - Scaled size: 800.0 x 600.0
23:20:08.291 [JavaFX Application Thread] DEBUG PrimaryStageWindow   - Scaled ratio: (1.0, 1.0)
23:20:08.292 [JavaFX Application Thread] DEBUG PrimaryStageWindow   - Scene size: 800.0 x 600.0
23:20:08.292 [JavaFX Application Thread] DEBUG PrimaryStageWindow   - Stage size: 800.0 x 628.0
23:20:08.294 [FXGL Background Thread 1 ] DEBUG Engine               - Initializing environment variables
23:20:08.346 [FXGL Background Thread 1 ] DEBUG FXGLAssetLoaderServi - User app class for loading assets: class org.ncu.fresh.Main
23:20:08.347 [FXGL Background Thread 1 ] DEBUG GameApplicationServi - Applying CSS: fxgl_dark.css
23:20:08.350 [FXGL Background Thread 1 ] DEBUG FXGLAssetLoaderServi - Loading from file system: jar:file:///Users/zhangyizhong/.gradle/caches/modules-2/files-2.1/com.github.almasb/fxgl/17.3/614d2b2607c97fe7b539dfa75036066a8010f74b/fxgl-17.3.jar!/fxglassets/ui/css/fxgl_dark.css
23:20:08.397 [FXGL Background Thread 1 ] DEBUG GameApplicationServi - Initializing application scenes
23:20:08.494 [FXGL Background Thread 1 ] DEBUG GameWorld            - Game world initialized
23:20:08.523 [FXGL Background Thread 1 ] DEBUG PhysicsWorld         - Physics world initialized: appHeight=600, physics.ppm=50.0
23:20:08.523 [FXGL Background Thread 1 ] DEBUG PhysicsWorld         - Using strategy: BRUTE_FORCE
23:20:08.525 [FXGL Background Thread 1 ] DEBUG GameScene            - Game scene initialized: 800x600
23:20:08.532 [FXGL Background Thread 1 ] DEBUG FXGL.DefaultMenu     - createMenuBodyGameMenu()
23:20:08.540 [FXGL Background Thread 1 ] DEBUG FXGL.DefaultMenu     - createOptionsMenu()
23:20:08.544 [FXGL Background Thread 1 ] DEBUG FXGLAssetLoaderServi - Loading from file system: jar:file:///Users/zhangyizhong/.gradle/caches/modules-2/files-2.1/com.github.almasb/fxgl/17.3/614d2b2607c97fe7b539dfa75036066a8010f74b/fxgl-17.3.jar!/fxglassets/textures/particles/smoke.png
23:20:08.586 [FXGL Background Thread 1 ] DEBUG FXGLAssetLoaderServi - Loading from file system: jar:file:///Users/zhangyizhong/.gradle/caches/modules-2/files-2.1/com.github.almasb/fxgl/17.3/614d2b2607c97fe7b539dfa75036066a8010f74b/fxgl-17.3.jar!/fxglassets/textures/particles/trace_horizontal.png
23:20:08.597 [FXGL Background Thread 1 ] DEBUG GameApplicationServi - Application scenes initialized
23:20:08.602 [FXGL Background Thread 1 ] DEBUG SystemBundleService  - Loading default FXGL system data
23:20:08.602 [FXGL Background Thread 1 ] DEBUG UpdaterService       - Checking for updates
23:20:08.604 [FXGL Background Thread 4 ] DEBUG FXGLApplication      - Loading fonts
23:20:08.604 [FXGL Background Thread 1 ] DEBUG FXGLApplication      - Loading default localization
23:20:08.604 [FXGL Background Thread 4 ] DEBUG FXGLAssetLoaderServi - Loading from file system: jar:file:///Users/zhangyizhong/.gradle/caches/modules-2/files-2.1/com.github.almasb/fxgl/17.3/614d2b2607c97fe7b539dfa75036066a8010f74b/fxgl-17.3.jar!/fxglassets/ui/fonts/VarelaRound-Regular.ttf
23:20:08.604 [FXGL Background Thread 1 ] DEBUG FXGLAssetLoaderServi - Loading from file system: jar:file:///Users/zhangyizhong/.gradle/caches/modules-2/files-2.1/com.github.almasb/fxgl/17.3/614d2b2607c97fe7b539dfa75036066a8010f74b/fxgl-17.3.jar!/fxglassets/languages/english.lang
23:20:08.609 [FXGL Background Thread 1 ] INFO  FXGLApplication      - FXGL initialization took: 0.315 sec
23:20:08.609 [JavaFX Application Thread] DEBUG FXGLAssetLoaderServi - Loading from file system: jar:file:///Users/zhangyizhong/.gradle/caches/modules-2/files-2.1/com.github.almasb/fxgl/17.3/614d2b2607c97fe7b539dfa75036066a8010f74b/fxgl-17.3.jar!/fxglassets/textures/fxgl_icon.png
23:20:08.624 [JavaFX Application Thread] DEBUG FXGLAssetLoaderServi - Loading from file system: jar:file:///Users/zhangyizhong/.gradle/caches/modules-2/files-2.1/com.github.almasb/fxgl/17.3/614d2b2607c97fe7b539dfa75036066a8010f74b/fxgl-17.3.jar!/fxglassets/textures/fxgl_default_cursor.png
23:20:08.628 [JavaFX Application Thread] DEBUG Input                - Registered new binding: Screenshot - CTRL+8
23:20:08.628 [JavaFX Application Thread] DEBUG Input                - Registered new binding: System info dump - CTRL+9
23:20:08.628 [JavaFX Application Thread] DEBUG Input                - Registered new binding: Restart - CTRL+R
23:20:08.628 [JavaFX Application Thread] DEBUG Input                - Registered new binding: Toggle Debug Camera - CTRL+7
23:20:08.629 [FXGL Background Thread 4 ] DEBUG FXGLAssetLoaderServi - Loading from file system: jar:file:///Users/zhangyizhong/.gradle/caches/modules-2/files-2.1/com.github.almasb/fxgl/17.3/614d2b2607c97fe7b539dfa75036066a8010f74b/fxgl-17.3.jar!/fxglassets/ui/fonts/Abel-Regular.ttf
23:20:08.629 [JavaFX Application Thread] DEBUG LoopRunner           - Starting loop
23:20:08.629 [JavaFX Application Thread] DEBUG LoopRunner           - Initializing JavaFX AnimationTimerLoop
23:20:08.629 [JavaFX Application Thread] DEBUG GameApplicationServi - Starting new game
23:20:08.630 [JavaFX Application Thread] DEBUG Input                - Clearing active input actions
23:20:08.630 [FXGL Background Thread 4 ] DEBUG FXGLAssetLoaderServi - Loading from file system: jar:file:///Users/zhangyizhong/.gradle/caches/modules-2/files-2.1/com.github.almasb/fxgl/17.3/614d2b2607c97fe7b539dfa75036066a8010f74b/fxgl-17.3.jar!/fxglassets/ui/fonts/TerminalLandMono-Regular.otf
23:20:08.633 [FXGL Background Thread 4 ] DEBUG FXGLAssetLoaderServi - Loading from file system: jar:file:///Users/zhangyizhong/.gradle/caches/modules-2/files-2.1/com.github.almasb/fxgl/17.3/614d2b2607c97fe7b539dfa75036066a8010f74b/fxgl-17.3.jar!/fxglassets/ui/fonts/Courier-Prime.ttf
23:20:08.633 [JavaFX Application Thread] DEBUG GameApplicationServi - Removing overlay from FXGLStartupScene and adding to FXGLLoadingScene
23:20:08.634 [JavaFX Application Thread] DEBUG PrimaryStageWindow   - FXGLStartupScene -> FXGLLoadingScene
23:20:08.634 [JavaFX Application Thread] DEBUG GameApplicationServi - Clearing previous game
23:20:08.634 [JavaFX Application Thread] DEBUG GameScene            - Clearing game scene
23:20:08.634 [JavaFX Application Thread] DEBUG GameWorld            - Clearing game world
23:20:08.634 [JavaFX Application Thread] DEBUG PhysicsWorld         - Clearing physics world
23:20:08.634 [FXGL Background Thread 1 ] DEBUG FXGLApplication      - Initializing game
23:20:08.634 [FXGL Background Thread 1 ] INFO  FXGLApplication      - Game initialization took: 0.000 sec
23:20:08.652 [JavaFX Application Thread] DEBUG Input                - Clearing active input actions
23:20:08.655 [JavaFX Application Thread] DEBUG GameApplicationServi - Removing overlay from FXGLLoadingScene and adding to GameScene
23:20:08.655 [JavaFX Application Thread] DEBUG PrimaryStageWindow   - FXGLLoadingScene -> GameScene
23:20:08.655 [JavaFX Application Thread] DEBUG FXGLApplication      - Registering font factories with UI factory
23:20:08.895 [FXGL Background Thread 2 ] INFO  UpdaterService       - Your current version:  17.3
23:20:08.895 [FXGL Background Thread 2 ] INFO  UpdaterService       - Latest stable version: 21.1
23:20:11.608 [FXGL Background Thread 3 ] DEBUG Engine               - Logging environment variables
23:20:11.610 [FXGL Background Thread 3 ] DEBUG Engine               - achievements: []
23:20:11.610 [FXGL Background Thread 3 ] DEBUG Engine               - actualHeight: 600.0
23:20:11.610 [FXGL Background Thread 3 ] DEBUG Engine               - actualHeightProperty: ReadOnlyDoubleProperty [value: 600.0]
23:20:11.610 [FXGL Background Thread 3 ] DEBUG Engine               - actualWidth: 800.0
23:20:11.610 [FXGL Background Thread 3 ] DEBUG Engine               - actualWidthProperty: ReadOnlyDoubleProperty [value: 800.0]
23:20:11.610 [FXGL Background Thread 3 ] DEBUG Engine               - appIcon: fxgl_icon.png
23:20:11.610 [FXGL Background Thread 3 ] DEBUG Engine               - applicationMode: DEVELOPER
23:20:11.610 [FXGL Background Thread 3 ] DEBUG Engine               - cSSList: [fxgl_dark.css]
23:20:11.610 [FXGL Background Thread 3 ] DEBUG Engine               - collisionDetectionStrategy: BRUTE_FORCE
23:20:11.611 [FXGL Background Thread 3 ] DEBUG Engine               - configClass: Optional.empty
23:20:11.611 [FXGL Background Thread 3 ] DEBUG Engine               - credits: []
23:20:11.611 [FXGL Background Thread 3 ] DEBUG Engine               - defaultCursor: CursorInfo(imageName=fxgl_default_cursor.png, hotspotX=7.0, hotspotY=6.0)
23:20:11.611 [FXGL Background Thread 3 ] DEBUG Engine               - devBBoxColorProperty: ObjectProperty [value: 0xff0000ff]
23:20:11.611 [FXGL Background Thread 3 ] DEBUG Engine               - devEnableDebugCameraProperty: BooleanProperty [value: false]
23:20:11.612 [FXGL Background Thread 3 ] DEBUG Engine               - devSensorColorProperty: ObjectProperty [value: 0xffff00ff]
23:20:11.612 [FXGL Background Thread 3 ] DEBUG Engine               - devShowBBoxProperty: BooleanProperty [value: false]
23:20:11.612 [FXGL Background Thread 3 ] DEBUG Engine               - devShowPositionProperty: BooleanProperty [value: false]
23:20:11.612 [FXGL Background Thread 3 ] DEBUG Engine               - enabledMenuItems: []
23:20:11.612 [FXGL Background Thread 3 ] DEBUG Engine               - engineServices: [class com.almasb.fxgl.app.services.FXGLAssetLoaderService, class com.almasb.fxgl.app.FXGLApplication$GameApplicationService, class com.almasb.fxgl.app.services.FXGLDialogService, class com.almasb.fxgl.app.services.IOTaskExecutorService, class com.almasb.fxgl.io.FileSystemService, class com.almasb.fxgl.localization.LocalizationService, class com.almasb.fxgl.app.services.SystemBundleService, class com.almasb.fxgl.profile.SaveLoadService, class com.almasb.fxgl.ui.FXGLUIFactoryServiceProvider, class com.almasb.fxgl.ui.FXGLDialogFactoryServiceProvider, class com.almasb.fxgl.audio.AudioPlayer, class com.almasb.fxgl.notification.impl.NotificationServiceProvider, class com.almasb.fxgl.achievement.AchievementService, class com.almasb.fxgl.cutscene.CutsceneService, class com.almasb.fxgl.minigames.MiniGameService, class com.almasb.fxgl.net.NetService, class com.almasb.fxgl.app.services.UpdaterService, class com.almasb.fxgl.dev.DevService]
23:20:11.612 [FXGL Background Thread 3 ] DEBUG Engine               - fontGame: Abel-Regular.ttf
23:20:11.612 [FXGL Background Thread 3 ] DEBUG Engine               - fontMono: TerminalLandMono-Regular.otf
23:20:11.612 [FXGL Background Thread 3 ] DEBUG Engine               - fontSizeScaleUI: 1.0
23:20:11.612 [FXGL Background Thread 3 ] DEBUG Engine               - fontText: Courier-Prime.ttf
23:20:11.612 [FXGL Background Thread 3 ] DEBUG Engine               - fontUI: VarelaRound-Regular.ttf
23:20:11.612 [FXGL Background Thread 3 ] DEBUG Engine               - fullScreen: BooleanProperty [value: false]
23:20:11.612 [FXGL Background Thread 3 ] DEBUG Engine               - gameDifficulty: MEDIUM
23:20:11.612 [FXGL Background Thread 3 ] DEBUG Engine               - gameDifficultyProperty: ObjectProperty [value: MEDIUM]
23:20:11.613 [FXGL Background Thread 3 ] DEBUG Engine               - globalMusicVolume: 0.5
23:20:11.613 [FXGL Background Thread 3 ] DEBUG Engine               - globalMusicVolumeProperty: DoubleProperty [value: 0.5]
23:20:11.613 [FXGL Background Thread 3 ] DEBUG Engine               - globalSoundVolume: 0.5
23:20:11.613 [FXGL Background Thread 3 ] DEBUG Engine               - globalSoundVolumeProperty: DoubleProperty [value: 0.5]
23:20:11.613 [FXGL Background Thread 3 ] DEBUG Engine               - height: 600
23:20:11.613 [FXGL Background Thread 3 ] DEBUG Engine               - is3D: false
23:20:11.613 [FXGL Background Thread 3 ] DEBUG Engine               - isAndroid: false
23:20:11.613 [FXGL Background Thread 3 ] DEBUG Engine               - isBrowser: false
23:20:11.613 [FXGL Background Thread 3 ] DEBUG Engine               - isClickFeedbackEnabled: false
23:20:11.613 [FXGL Background Thread 3 ] DEBUG Engine               - isCloseConfirmation: false
23:20:11.613 [FXGL Background Thread 3 ] DEBUG Engine               - isDesktop: true
23:20:11.613 [FXGL Background Thread 3 ] DEBUG Engine               - isDeveloperMenuEnabled: false
23:20:11.614 [FXGL Background Thread 3 ] DEBUG Engine               - isEmbedded: false
23:20:11.614 [FXGL Background Thread 3 ] DEBUG Engine               - isEntityPreloadEnabled: true
23:20:11.614 [FXGL Background Thread 3 ] DEBUG Engine               - isExperimentalTiledLargeMap: false
23:20:11.614 [FXGL Background Thread 3 ] DEBUG Engine               - isFileSystemWriteAllowed: true
23:20:11.614 [FXGL Background Thread 3 ] DEBUG Engine               - isFullScreenAllowed: false
23:20:11.614 [FXGL Background Thread 3 ] DEBUG Engine               - isFullScreenFromStart: false
23:20:11.614 [FXGL Background Thread 3 ] DEBUG Engine               - isGameMenuEnabled: true
23:20:11.614 [FXGL Background Thread 3 ] DEBUG Engine               - isIOS: false
23:20:11.614 [FXGL Background Thread 3 ] DEBUG Engine               - isIntroEnabled: false
23:20:11.614 [FXGL Background Thread 3 ] DEBUG Engine               - isLinux: false
23:20:11.614 [FXGL Background Thread 3 ] DEBUG Engine               - isMac: true
23:20:11.614 [FXGL Background Thread 3 ] DEBUG Engine               - isMainMenuEnabled: false
23:20:11.614 [FXGL Background Thread 3 ] DEBUG Engine               - isManualResizeEnabled: false
23:20:11.614 [FXGL Background Thread 3 ] DEBUG Engine               - isMobile: false
23:20:11.614 [FXGL Background Thread 3 ] DEBUG Engine               - isNative: false
23:20:11.614 [FXGL Background Thread 3 ] DEBUG Engine               - isPauseMusicWhenMinimized: true
23:20:11.614 [FXGL Background Thread 3 ] DEBUG Engine               - isPreserveResizeRatio: false
23:20:11.614 [FXGL Background Thread 3 ] DEBUG Engine               - isProfilingEnabled: false
23:20:11.615 [FXGL Background Thread 3 ] DEBUG Engine               - isScaleAffectedOnResize: true
23:20:11.615 [FXGL Background Thread 3 ] DEBUG Engine               - isSingleStep: false
23:20:11.615 [FXGL Background Thread 3 ] DEBUG Engine               - isUserProfileEnabled: false
23:20:11.615 [FXGL Background Thread 3 ] DEBUG Engine               - isWindows: false
23:20:11.615 [FXGL Background Thread 3 ] DEBUG Engine               - language: ObjectProperty [value: ENGLISH]
23:20:11.615 [FXGL Background Thread 3 ] DEBUG Engine               - menuKey: ESCAPE
23:20:11.615 [FXGL Background Thread 3 ] DEBUG Engine               - mouseSensitivity: 0.2
23:20:11.615 [FXGL Background Thread 3 ] DEBUG Engine               - notificationViewClass: class com.almasb.fxgl.notification.view.XboxNotificationView
23:20:11.615 [FXGL Background Thread 3 ] DEBUG Engine               - pixelsPerMeter: 50.0
23:20:11.615 [FXGL Background Thread 3 ] DEBUG Engine               - platform: MAC
23:20:11.615 [FXGL Background Thread 3 ] DEBUG Engine               - prefHeightProperty: ReadOnlyDoubleProperty [value: 600.0]
23:20:11.615 [FXGL Background Thread 3 ] DEBUG Engine               - prefWidthProperty: ReadOnlyDoubleProperty [value: 800.0]
23:20:11.615 [FXGL Background Thread 3 ] DEBUG Engine               - profileDir: profiles/
23:20:11.615 [FXGL Background Thread 3 ] DEBUG Engine               - profileName: StringProperty [value: DEFAULT]
23:20:11.616 [FXGL Background Thread 3 ] DEBUG Engine               - randomSeed: -1
23:20:11.616 [FXGL Background Thread 3 ] DEBUG Engine               - runtimeInfo: RuntimeInfo(platform=MAC, version=17.3, build=30.03.2023 11.49)
23:20:11.616 [FXGL Background Thread 3 ] DEBUG Engine               - saveFileExt: sav
23:20:11.616 [FXGL Background Thread 3 ] DEBUG Engine               - scaledHeightProp$fxgl: DoubleProperty [bound, value: 600.0]
23:20:11.616 [FXGL Background Thread 3 ] DEBUG Engine               - scaledWidthProp$fxgl: DoubleProperty [bound, value: 800.0]
23:20:11.616 [FXGL Background Thread 3 ] DEBUG Engine               - sceneFactory: com.almasb.fxgl.app.scene.SceneFactory@579c41a1
23:20:11.616 [FXGL Background Thread 3 ] DEBUG Engine               - secondsIn24h: 60
23:20:11.616 [FXGL Background Thread 3 ] DEBUG Engine               - soundMenuBack: menu/back.wav
23:20:11.616 [FXGL Background Thread 3 ] DEBUG Engine               - soundMenuPress: menu/press.wav
23:20:11.616 [FXGL Background Thread 3 ] DEBUG Engine               - soundMenuSelect: menu/select.wav
23:20:11.616 [FXGL Background Thread 3 ] DEBUG Engine               - soundNotification: core/notification.wav
23:20:11.616 [FXGL Background Thread 3 ] DEBUG Engine               - stageStyle: DECORATED
23:20:11.616 [FXGL Background Thread 3 ] DEBUG Engine               - supportedLanguages: [ENGLISH, FRENCH, GERMAN, HUNGARIAN, RUSSIAN]
23:20:11.617 [FXGL Background Thread 3 ] DEBUG Engine               - ticksPerSecond: -1
23:20:11.617 [FXGL Background Thread 3 ] DEBUG Engine               - title: Team Project
23:20:11.617 [FXGL Background Thread 3 ] DEBUG Engine               - urlGithub: https://github.com/AlmasB/FXGL
23:20:11.617 [FXGL Background Thread 3 ] DEBUG Engine               - urlLeaderboard: http://fxgl-top.herokuapp.com/
23:20:11.617 [FXGL Background Thread 3 ] DEBUG Engine               - urlPOM: https://raw.githubusercontent.com/AlmasB/FXGL/release/README.md
23:20:11.617 [FXGL Background Thread 3 ] DEBUG Engine               - userAppClass: class org.ncu.fresh.Main
23:20:11.617 [FXGL Background Thread 3 ] DEBUG Engine               - version: 0.0
23:20:11.617 [FXGL Background Thread 3 ] DEBUG Engine               - versionCheckDays: 7
23:20:11.617 [FXGL Background Thread 3 ] DEBUG Engine               - width: 800
23:20:11.617 [FXGL Background Thread 3 ] DEBUG Engine               - Logging services
23:20:11.617 [FXGL Background Thread 3 ] DEBUG Engine               - class com.almasb.fxgl.app.services.FXGLAssetLoaderService
23:20:11.617 [FXGL Background Thread 3 ] DEBUG Engine               - class com.almasb.fxgl.app.FXGLApplication$GameApplicationService
23:20:11.617 [FXGL Background Thread 3 ] DEBUG Engine               - class com.almasb.fxgl.app.services.FXGLDialogService
23:20:11.617 [FXGL Background Thread 3 ] DEBUG Engine               - class com.almasb.fxgl.app.services.IOTaskExecutorService
23:20:11.617 [FXGL Background Thread 3 ] DEBUG Engine               - class com.almasb.fxgl.io.FileSystemService
23:20:11.617 [FXGL Background Thread 3 ] DEBUG Engine               - class com.almasb.fxgl.localization.LocalizationService
23:20:11.617 [FXGL Background Thread 3 ] DEBUG Engine               - class com.almasb.fxgl.app.services.SystemBundleService
23:20:11.617 [FXGL Background Thread 3 ] DEBUG Engine               - class com.almasb.fxgl.profile.SaveLoadService
23:20:11.618 [FXGL Background Thread 3 ] DEBUG Engine               - class com.almasb.fxgl.ui.FXGLUIFactoryServiceProvider
23:20:11.618 [FXGL Background Thread 3 ] DEBUG Engine               - class com.almasb.fxgl.ui.FXGLDialogFactoryServiceProvider
23:20:11.618 [FXGL Background Thread 3 ] DEBUG Engine               - class com.almasb.fxgl.audio.AudioPlayer
23:20:11.618 [FXGL Background Thread 3 ] DEBUG Engine               - class com.almasb.fxgl.notification.impl.NotificationServiceProvider
23:20:11.618 [FXGL Background Thread 3 ] DEBUG Engine               - class com.almasb.fxgl.achievement.AchievementService
23:20:11.618 [FXGL Background Thread 3 ] DEBUG Engine               - class com.almasb.fxgl.cutscene.CutsceneService
23:20:11.618 [FXGL Background Thread 3 ] DEBUG Engine               - class com.almasb.fxgl.minigames.MiniGameService
23:20:11.618 [FXGL Background Thread 3 ] DEBUG Engine               - class com.almasb.fxgl.net.NetService
23:20:11.618 [FXGL Background Thread 3 ] DEBUG Engine               - class com.almasb.fxgl.app.services.UpdaterService
23:20:11.618 [FXGL Background Thread 3 ] DEBUG Engine               - class com.almasb.fxgl.dev.DevService
23:20:12.200 [JavaFX Application Thread] DEBUG FXGLApplication      - Exiting FXGL
23:20:12.200 [JavaFX Application Thread] DEBUG LoopRunner           - Stopping loop
23:20:12.201 [JavaFX Application Thread] DEBUG SystemBundleService  - Saving FXGL system data
23:20:12.204 [JavaFX Application Thread] DEBUG FileSystemAccess     - Writing to: /Users/zhangyizhong/Documents/Coding/java/freshman-project/system/fxgl.bundle
23:20:12.218 [JavaFX Application Thread] DEBUG Async                - Shutting down background threads
23:20:12.218 [JavaFX Application Thread] DEBUG PrimaryStageWindow   - Closing main window
23:20:12.226 [JavaFX Application Thread] DEBUG Logger               - Closing Logger
