13:54:56.045 [main                     ] DEBUG Logger               - Configured Logger
13:54:56.055 [main                     ] DEBUG GameApplication      - Logging settings
Title: Team Project
Version: 0.0
Width: 800
Height: 600
Fullscreen: false
Intro: false
Profiling: false
Single step:false
App Mode: DEVELOPER
Menu Key: ESCAPE
Stage Style: DECORATED
Scene Factory: class com.almasb.fxgl.app.scene.SceneFactory

13:54:56.254 [JavaFX Application Thread] DEBUG FXGLApplication      - Initializing FXGL
13:54:56.255 [JavaFX Application Thread] INFO  Engine               - FXGL-17.3 (30.03.2023 11.49) on MAC (J:21.0.3 FX:21.0.7)
13:54:56.256 [JavaFX Application Thread] DEBUG Engine               - JRE Vendor Name: Oracle Corporation
13:54:56.256 [JavaFX Application Thread] DEBUG Engine               - Running on OS: Mac OS X version 15.3
13:54:56.256 [JavaFX Application Thread] DEBUG Engine               - Architecture: aarch64
13:54:56.256 [JavaFX Application Thread] INFO  Engine               - Source code and latest versions at: https://github.com/AlmasB/FXGL
13:54:56.256 [JavaFX Application Thread] INFO  Engine               -       Ask questions and discuss at: https://github.com/AlmasB/FXGL/discussions
13:54:56.256 [JavaFX Application Thread] INFO  Engine               -              Join the FXGL chat at: https://gitter.im/AlmasB/FXGL
13:54:56.288 [JavaFX Application Thread] DEBUG PrimaryStageWindow   - Creating a JavaFX scene
13:54:56.305 [JavaFX Application Thread] DEBUG PrimaryStageWindow   - Target settings size: 800.0 x 600.0
13:54:56.306 [JavaFX Application Thread] DEBUG PrimaryStageWindow   - Scaled scene size:    800.0 x 600.0
13:54:56.306 [JavaFX Application Thread] DEBUG PrimaryStageWindow   - Scaled ratio: (1.0, 1.0)
13:54:56.306 [JavaFX Application Thread] DEBUG PrimaryStageWindow   - Set initial scene to FXGLStartupScene
13:54:56.307 [JavaFX Application Thread] DEBUG PrimaryStageWindow   - Opening main window
13:54:56.345 [JavaFX Application Thread] DEBUG PrimaryStageWindow   - Window border size: (0.0, 28.0)
13:54:56.345 [JavaFX Application Thread] DEBUG PrimaryStageWindow   - Scaled size: 800.0 x 600.0
13:54:56.345 [JavaFX Application Thread] DEBUG PrimaryStageWindow   - Scaled ratio: (1.0, 1.0)
13:54:56.346 [JavaFX Application Thread] DEBUG PrimaryStageWindow   - Scene size: 800.0 x 600.0
13:54:56.346 [JavaFX Application Thread] DEBUG PrimaryStageWindow   - Stage size: 800.0 x 628.0
13:54:56.348 [FXGL Background Thread 1 ] DEBUG Engine               - Initializing environment variables
13:54:56.366 [FXGL Background Thread 1 ] DEBUG FXGLAssetLoaderServi - User app class for loading assets: class org.ncu.fresh.Main
13:54:56.366 [FXGL Background Thread 1 ] DEBUG GameApplicationServi - Applying CSS: fxgl_dark.css
13:54:56.366 [FXGL Background Thread 1 ] DEBUG FXGLAssetLoaderServi - Loading from file system: jar:file:///Users/zhangyizhong/.gradle/caches/modules-2/files-2.1/com.github.almasb/fxgl/17.3/614d2b2607c97fe7b539dfa75036066a8010f74b/fxgl-17.3.jar!/fxglassets/ui/css/fxgl_dark.css
13:54:56.397 [FXGL Background Thread 1 ] DEBUG GameApplicationServi - Initializing application scenes
13:54:56.491 [FXGL Background Thread 1 ] DEBUG GameWorld            - Game world initialized
13:54:56.516 [FXGL Background Thread 1 ] DEBUG PhysicsWorld         - Physics world initialized: appHeight=600, physics.ppm=50.0
13:54:56.516 [FXGL Background Thread 1 ] DEBUG PhysicsWorld         - Using strategy: BRUTE_FORCE
13:54:56.518 [FXGL Background Thread 1 ] DEBUG GameScene            - Game scene initialized: 800x600
13:54:56.523 [FXGL Background Thread 1 ] DEBUG FXGL.DefaultMenu     - createMenuBodyGameMenu()
13:54:56.529 [FXGL Background Thread 1 ] DEBUG FXGL.DefaultMenu     - createOptionsMenu()
13:54:56.534 [FXGL Background Thread 1 ] DEBUG FXGLAssetLoaderServi - Loading from file system: jar:file:///Users/zhangyizhong/.gradle/caches/modules-2/files-2.1/com.github.almasb/fxgl/17.3/614d2b2607c97fe7b539dfa75036066a8010f74b/fxgl-17.3.jar!/fxglassets/textures/particles/smoke.png
13:54:56.579 [FXGL Background Thread 1 ] DEBUG FXGLAssetLoaderServi - Loading from file system: jar:file:///Users/zhangyizhong/.gradle/caches/modules-2/files-2.1/com.github.almasb/fxgl/17.3/614d2b2607c97fe7b539dfa75036066a8010f74b/fxgl-17.3.jar!/fxglassets/textures/particles/trace_horizontal.png
13:54:56.590 [FXGL Background Thread 1 ] DEBUG GameApplicationServi - Application scenes initialized
13:54:56.595 [FXGL Background Thread 1 ] DEBUG SystemBundleService  - Loading FXGL system data
13:54:56.597 [FXGL Background Thread 1 ] DEBUG FileSystemAccess     - Reading from: /Users/zhangyizhong/Documents/Coding/java/freshman-project/system/fxgl.bundle
13:54:56.600 [FXGL Background Thread 1 ] DEBUG SystemBundleService  - Bundle FXGL: {}
13:54:56.600 [FXGL Background Thread 1 ] DEBUG UpdaterService       - Checking for updates
13:54:56.602 [FXGL Background Thread 4 ] DEBUG FXGLApplication      - Loading fonts
13:54:56.602 [FXGL Background Thread 4 ] DEBUG FXGLAssetLoaderServi - Loading from file system: jar:file:///Users/zhangyizhong/.gradle/caches/modules-2/files-2.1/com.github.almasb/fxgl/17.3/614d2b2607c97fe7b539dfa75036066a8010f74b/fxgl-17.3.jar!/fxglassets/ui/fonts/VarelaRound-Regular.ttf
13:54:56.602 [FXGL Background Thread 1 ] DEBUG FXGLApplication      - Loading default localization
13:54:56.602 [FXGL Background Thread 1 ] DEBUG FXGLAssetLoaderServi - Loading from file system: jar:file:///Users/zhangyizhong/.gradle/caches/modules-2/files-2.1/com.github.almasb/fxgl/17.3/614d2b2607c97fe7b539dfa75036066a8010f74b/fxgl-17.3.jar!/fxglassets/languages/english.lang
13:54:56.608 [FXGL Background Thread 1 ] INFO  FXGLApplication      - FXGL initialization took: 0.260 sec
13:54:56.608 [JavaFX Application Thread] DEBUG FXGLAssetLoaderServi - Loading from file system: jar:file:///Users/zhangyizhong/.gradle/caches/modules-2/files-2.1/com.github.almasb/fxgl/17.3/614d2b2607c97fe7b539dfa75036066a8010f74b/fxgl-17.3.jar!/fxglassets/textures/fxgl_icon.png
13:54:56.612 [FXGL Background Thread 4 ] DEBUG FXGLAssetLoaderServi - Loading from file system: jar:file:///Users/zhangyizhong/.gradle/caches/modules-2/files-2.1/com.github.almasb/fxgl/17.3/614d2b2607c97fe7b539dfa75036066a8010f74b/fxgl-17.3.jar!/fxglassets/ui/fonts/Abel-Regular.ttf
13:54:56.614 [FXGL Background Thread 4 ] DEBUG FXGLAssetLoaderServi - Loading from file system: jar:file:///Users/zhangyizhong/.gradle/caches/modules-2/files-2.1/com.github.almasb/fxgl/17.3/614d2b2607c97fe7b539dfa75036066a8010f74b/fxgl-17.3.jar!/fxglassets/ui/fonts/TerminalLandMono-Regular.otf
13:54:56.615 [FXGL Background Thread 4 ] DEBUG FXGLAssetLoaderServi - Loading from file system: jar:file:///Users/zhangyizhong/.gradle/caches/modules-2/files-2.1/com.github.almasb/fxgl/17.3/614d2b2607c97fe7b539dfa75036066a8010f74b/fxgl-17.3.jar!/fxglassets/ui/fonts/Courier-Prime.ttf
13:54:56.622 [JavaFX Application Thread] DEBUG FXGLAssetLoaderServi - Loading from file system: jar:file:///Users/zhangyizhong/.gradle/caches/modules-2/files-2.1/com.github.almasb/fxgl/17.3/614d2b2607c97fe7b539dfa75036066a8010f74b/fxgl-17.3.jar!/fxglassets/textures/fxgl_default_cursor.png
13:54:56.625 [JavaFX Application Thread] DEBUG Input                - Registered new binding: Screenshot - CTRL+8
13:54:56.625 [JavaFX Application Thread] DEBUG Input                - Registered new binding: System info dump - CTRL+9
13:54:56.625 [JavaFX Application Thread] DEBUG Input                - Registered new binding: Restart - CTRL+R
13:54:56.625 [JavaFX Application Thread] DEBUG Input                - Registered new binding: Toggle Debug Camera - CTRL+7
13:54:56.626 [JavaFX Application Thread] DEBUG LoopRunner           - Starting loop
13:54:56.626 [JavaFX Application Thread] DEBUG LoopRunner           - Initializing JavaFX AnimationTimerLoop
13:54:56.626 [JavaFX Application Thread] DEBUG GameApplicationServi - Starting new game
13:54:56.627 [JavaFX Application Thread] DEBUG Input                - Clearing active input actions
13:54:56.630 [JavaFX Application Thread] DEBUG GameApplicationServi - Removing overlay from FXGLStartupScene and adding to FXGLLoadingScene
13:54:56.631 [JavaFX Application Thread] DEBUG PrimaryStageWindow   - FXGLStartupScene -> FXGLLoadingScene
13:54:56.631 [JavaFX Application Thread] DEBUG GameApplicationServi - Clearing previous game
13:54:56.631 [JavaFX Application Thread] DEBUG GameScene            - Clearing game scene
13:54:56.631 [JavaFX Application Thread] DEBUG GameWorld            - Clearing game world
13:54:56.631 [JavaFX Application Thread] DEBUG PhysicsWorld         - Clearing physics world
13:54:56.631 [FXGL Background Thread 4 ] DEBUG FXGLApplication      - Initializing game
13:54:56.634 [FXGL Background Thread 4 ] WARN  Entity               - Entity already has component: com.almasb.fxgl.entity.components.TransformComponent
13:54:56.634 [JavaFX Application Thread] DEBUG FXGLApplication      - Registering font factories with UI factory
13:54:56.638 [FXGL Background Thread 4 ] DEBUG Input                - Registered new binding: action0 - W
13:54:56.638 [FXGL Background Thread 4 ] DEBUG Input                - Registered new binding: action1 - S
13:54:56.638 [FXGL Background Thread 4 ] DEBUG Input                - Registered new binding: action2 - A
13:54:56.638 [FXGL Background Thread 4 ] DEBUG Input                - Registered new binding: action3 - D
13:54:56.638 [FXGL Background Thread 4 ] INFO  FXGLApplication      - Game initialization took: 0.007 sec
13:54:56.648 [JavaFX Application Thread] DEBUG Input                - Clearing active input actions
13:54:56.650 [JavaFX Application Thread] DEBUG GameApplicationServi - Removing overlay from FXGLLoadingScene and adding to GameScene
13:54:56.651 [JavaFX Application Thread] DEBUG PrimaryStageWindow   - FXGLLoadingScene -> GameScene
13:54:56.983 [FXGL Background Thread 2 ] INFO  UpdaterService       - Your current version:  17.3
13:54:56.984 [FXGL Background Thread 2 ] INFO  UpdaterService       - Latest stable version: 21.1
13:54:59.602 [FXGL Background Thread 3 ] DEBUG Engine               - Logging environment variables
13:54:59.603 [FXGL Background Thread 3 ] DEBUG Engine               - achievements: []
13:54:59.603 [FXGL Background Thread 3 ] DEBUG Engine               - actualHeight: 600.0
13:54:59.603 [FXGL Background Thread 3 ] DEBUG Engine               - actualHeightProperty: ReadOnlyDoubleProperty [value: 600.0]
13:54:59.603 [FXGL Background Thread 3 ] DEBUG Engine               - actualWidth: 800.0
13:54:59.603 [FXGL Background Thread 3 ] DEBUG Engine               - actualWidthProperty: ReadOnlyDoubleProperty [value: 800.0]
13:54:59.603 [FXGL Background Thread 3 ] DEBUG Engine               - appIcon: fxgl_icon.png
13:54:59.603 [FXGL Background Thread 3 ] DEBUG Engine               - applicationMode: DEVELOPER
13:54:59.603 [FXGL Background Thread 3 ] DEBUG Engine               - cSSList: [fxgl_dark.css]
13:54:59.603 [FXGL Background Thread 3 ] DEBUG Engine               - collisionDetectionStrategy: BRUTE_FORCE
13:54:59.603 [FXGL Background Thread 3 ] DEBUG Engine               - configClass: Optional.empty
13:54:59.603 [FXGL Background Thread 3 ] DEBUG Engine               - credits: []
13:54:59.604 [FXGL Background Thread 3 ] DEBUG Engine               - defaultCursor: CursorInfo(imageName=fxgl_default_cursor.png, hotspotX=7.0, hotspotY=6.0)
13:54:59.604 [FXGL Background Thread 3 ] DEBUG Engine               - devBBoxColorProperty: ObjectProperty [value: 0xff0000ff]
13:54:59.604 [FXGL Background Thread 3 ] DEBUG Engine               - devEnableDebugCameraProperty: BooleanProperty [value: false]
13:54:59.604 [FXGL Background Thread 3 ] DEBUG Engine               - devSensorColorProperty: ObjectProperty [value: 0xffff00ff]
13:54:59.604 [FXGL Background Thread 3 ] DEBUG Engine               - devShowBBoxProperty: BooleanProperty [value: false]
13:54:59.604 [FXGL Background Thread 3 ] DEBUG Engine               - devShowPositionProperty: BooleanProperty [value: false]
13:54:59.604 [FXGL Background Thread 3 ] DEBUG Engine               - enabledMenuItems: []
13:54:59.604 [FXGL Background Thread 3 ] DEBUG Engine               - engineServices: [class com.almasb.fxgl.app.services.FXGLAssetLoaderService, class com.almasb.fxgl.app.FXGLApplication$GameApplicationService, class com.almasb.fxgl.app.services.FXGLDialogService, class com.almasb.fxgl.app.services.IOTaskExecutorService, class com.almasb.fxgl.io.FileSystemService, class com.almasb.fxgl.localization.LocalizationService, class com.almasb.fxgl.app.services.SystemBundleService, class com.almasb.fxgl.profile.SaveLoadService, class com.almasb.fxgl.ui.FXGLUIFactoryServiceProvider, class com.almasb.fxgl.ui.FXGLDialogFactoryServiceProvider, class com.almasb.fxgl.audio.AudioPlayer, class com.almasb.fxgl.notification.impl.NotificationServiceProvider, class com.almasb.fxgl.achievement.AchievementService, class com.almasb.fxgl.cutscene.CutsceneService, class com.almasb.fxgl.minigames.MiniGameService, class com.almasb.fxgl.net.NetService, class com.almasb.fxgl.app.services.UpdaterService, class com.almasb.fxgl.dev.DevService]
13:54:59.604 [FXGL Background Thread 3 ] DEBUG Engine               - fontGame: Abel-Regular.ttf
13:54:59.604 [FXGL Background Thread 3 ] DEBUG Engine               - fontMono: TerminalLandMono-Regular.otf
13:54:59.604 [FXGL Background Thread 3 ] DEBUG Engine               - fontSizeScaleUI: 1.0
13:54:59.604 [FXGL Background Thread 3 ] DEBUG Engine               - fontText: Courier-Prime.ttf
13:54:59.604 [FXGL Background Thread 3 ] DEBUG Engine               - fontUI: VarelaRound-Regular.ttf
13:54:59.604 [FXGL Background Thread 3 ] DEBUG Engine               - fullScreen: BooleanProperty [value: false]
13:54:59.604 [FXGL Background Thread 3 ] DEBUG Engine               - gameDifficulty: MEDIUM
13:54:59.604 [FXGL Background Thread 3 ] DEBUG Engine               - gameDifficultyProperty: ObjectProperty [value: MEDIUM]
13:54:59.605 [FXGL Background Thread 3 ] DEBUG Engine               - globalMusicVolume: 0.5
13:54:59.605 [FXGL Background Thread 3 ] DEBUG Engine               - globalMusicVolumeProperty: DoubleProperty [value: 0.5]
13:54:59.605 [FXGL Background Thread 3 ] DEBUG Engine               - globalSoundVolume: 0.5
13:54:59.605 [FXGL Background Thread 3 ] DEBUG Engine               - globalSoundVolumeProperty: DoubleProperty [value: 0.5]
13:54:59.605 [FXGL Background Thread 3 ] DEBUG Engine               - height: 600
13:54:59.605 [FXGL Background Thread 3 ] DEBUG Engine               - is3D: false
13:54:59.605 [FXGL Background Thread 3 ] DEBUG Engine               - isAndroid: false
13:54:59.605 [FXGL Background Thread 3 ] DEBUG Engine               - isBrowser: false
13:54:59.605 [FXGL Background Thread 3 ] DEBUG Engine               - isClickFeedbackEnabled: false
13:54:59.605 [FXGL Background Thread 3 ] DEBUG Engine               - isCloseConfirmation: false
13:54:59.605 [FXGL Background Thread 3 ] DEBUG Engine               - isDesktop: true
13:54:59.605 [FXGL Background Thread 3 ] DEBUG Engine               - isDeveloperMenuEnabled: false
13:54:59.605 [FXGL Background Thread 3 ] DEBUG Engine               - isEmbedded: false
13:54:59.605 [FXGL Background Thread 3 ] DEBUG Engine               - isEntityPreloadEnabled: true
13:54:59.605 [FXGL Background Thread 3 ] DEBUG Engine               - isExperimentalTiledLargeMap: false
13:54:59.605 [FXGL Background Thread 3 ] DEBUG Engine               - isFileSystemWriteAllowed: true
13:54:59.605 [FXGL Background Thread 3 ] DEBUG Engine               - isFullScreenAllowed: false
13:54:59.605 [FXGL Background Thread 3 ] DEBUG Engine               - isFullScreenFromStart: false
13:54:59.605 [FXGL Background Thread 3 ] DEBUG Engine               - isGameMenuEnabled: true
13:54:59.605 [FXGL Background Thread 3 ] DEBUG Engine               - isIOS: false
13:54:59.605 [FXGL Background Thread 3 ] DEBUG Engine               - isIntroEnabled: false
13:54:59.605 [FXGL Background Thread 3 ] DEBUG Engine               - isLinux: false
13:54:59.605 [FXGL Background Thread 3 ] DEBUG Engine               - isMac: true
13:54:59.605 [FXGL Background Thread 3 ] DEBUG Engine               - isMainMenuEnabled: false
13:54:59.605 [FXGL Background Thread 3 ] DEBUG Engine               - isManualResizeEnabled: false
13:54:59.605 [FXGL Background Thread 3 ] DEBUG Engine               - isMobile: false
13:54:59.605 [FXGL Background Thread 3 ] DEBUG Engine               - isNative: false
13:54:59.605 [FXGL Background Thread 3 ] DEBUG Engine               - isPauseMusicWhenMinimized: true
13:54:59.605 [FXGL Background Thread 3 ] DEBUG Engine               - isPreserveResizeRatio: false
13:54:59.605 [FXGL Background Thread 3 ] DEBUG Engine               - isProfilingEnabled: false
13:54:59.605 [FXGL Background Thread 3 ] DEBUG Engine               - isScaleAffectedOnResize: true
13:54:59.605 [FXGL Background Thread 3 ] DEBUG Engine               - isSingleStep: false
13:54:59.605 [FXGL Background Thread 3 ] DEBUG Engine               - isUserProfileEnabled: false
13:54:59.606 [FXGL Background Thread 3 ] DEBUG Engine               - isWindows: false
13:54:59.606 [FXGL Background Thread 3 ] DEBUG Engine               - language: ObjectProperty [value: ENGLISH]
13:54:59.606 [FXGL Background Thread 3 ] DEBUG Engine               - menuKey: ESCAPE
13:54:59.606 [FXGL Background Thread 3 ] DEBUG Engine               - mouseSensitivity: 0.2
13:54:59.606 [FXGL Background Thread 3 ] DEBUG Engine               - notificationViewClass: class com.almasb.fxgl.notification.view.XboxNotificationView
13:54:59.606 [FXGL Background Thread 3 ] DEBUG Engine               - pixelsPerMeter: 50.0
13:54:59.606 [FXGL Background Thread 3 ] DEBUG Engine               - platform: MAC
13:54:59.606 [FXGL Background Thread 3 ] DEBUG Engine               - prefHeightProperty: ReadOnlyDoubleProperty [value: 600.0]
13:54:59.606 [FXGL Background Thread 3 ] DEBUG Engine               - prefWidthProperty: ReadOnlyDoubleProperty [value: 800.0]
13:54:59.606 [FXGL Background Thread 3 ] DEBUG Engine               - profileDir: profiles/
13:54:59.606 [FXGL Background Thread 3 ] DEBUG Engine               - profileName: StringProperty [value: DEFAULT]
13:54:59.606 [FXGL Background Thread 3 ] DEBUG Engine               - randomSeed: -1
13:54:59.606 [FXGL Background Thread 3 ] DEBUG Engine               - runtimeInfo: RuntimeInfo(platform=MAC, version=17.3, build=30.03.2023 11.49)
13:54:59.606 [FXGL Background Thread 3 ] DEBUG Engine               - saveFileExt: sav
13:54:59.606 [FXGL Background Thread 3 ] DEBUG Engine               - scaledHeightProp$fxgl: DoubleProperty [bound, value: 600.0]
13:54:59.606 [FXGL Background Thread 3 ] DEBUG Engine               - scaledWidthProp$fxgl: DoubleProperty [bound, value: 800.0]
13:54:59.606 [FXGL Background Thread 3 ] DEBUG Engine               - sceneFactory: com.almasb.fxgl.app.scene.SceneFactory@3cf85839
13:54:59.606 [FXGL Background Thread 3 ] DEBUG Engine               - secondsIn24h: 60
13:54:59.606 [FXGL Background Thread 3 ] DEBUG Engine               - soundMenuBack: menu/back.wav
13:54:59.606 [FXGL Background Thread 3 ] DEBUG Engine               - soundMenuPress: menu/press.wav
13:54:59.606 [FXGL Background Thread 3 ] DEBUG Engine               - soundMenuSelect: menu/select.wav
13:54:59.606 [FXGL Background Thread 3 ] DEBUG Engine               - soundNotification: core/notification.wav
13:54:59.606 [FXGL Background Thread 3 ] DEBUG Engine               - stageStyle: DECORATED
13:54:59.607 [FXGL Background Thread 3 ] DEBUG Engine               - supportedLanguages: [ENGLISH, FRENCH, GERMAN, HUNGARIAN, RUSSIAN]
13:54:59.610 [FXGL Background Thread 3 ] DEBUG Engine               - ticksPerSecond: -1
13:54:59.610 [FXGL Background Thread 3 ] DEBUG Engine               - title: Team Project
13:54:59.610 [FXGL Background Thread 3 ] DEBUG Engine               - urlGithub: https://github.com/AlmasB/FXGL
13:54:59.610 [FXGL Background Thread 3 ] DEBUG Engine               - urlLeaderboard: http://fxgl-top.herokuapp.com/
13:54:59.610 [FXGL Background Thread 3 ] DEBUG Engine               - urlPOM: https://raw.githubusercontent.com/AlmasB/FXGL/release/README.md
13:54:59.610 [FXGL Background Thread 3 ] DEBUG Engine               - userAppClass: class org.ncu.fresh.Main
13:54:59.610 [FXGL Background Thread 3 ] DEBUG Engine               - version: 0.0
13:54:59.611 [FXGL Background Thread 3 ] DEBUG Engine               - versionCheckDays: 7
13:54:59.611 [FXGL Background Thread 3 ] DEBUG Engine               - width: 800
13:54:59.611 [FXGL Background Thread 3 ] DEBUG Engine               - Logging services
13:54:59.611 [FXGL Background Thread 3 ] DEBUG Engine               - class com.almasb.fxgl.app.services.FXGLAssetLoaderService
13:54:59.611 [FXGL Background Thread 3 ] DEBUG Engine               - class com.almasb.fxgl.app.FXGLApplication$GameApplicationService
13:54:59.611 [FXGL Background Thread 3 ] DEBUG Engine               - class com.almasb.fxgl.app.services.FXGLDialogService
13:54:59.612 [FXGL Background Thread 3 ] DEBUG Engine               - class com.almasb.fxgl.app.services.IOTaskExecutorService
13:54:59.612 [FXGL Background Thread 3 ] DEBUG Engine               - class com.almasb.fxgl.io.FileSystemService
13:54:59.612 [FXGL Background Thread 3 ] DEBUG Engine               - class com.almasb.fxgl.localization.LocalizationService
13:54:59.613 [FXGL Background Thread 3 ] DEBUG Engine               - class com.almasb.fxgl.app.services.SystemBundleService
13:54:59.613 [FXGL Background Thread 3 ] DEBUG Engine               - class com.almasb.fxgl.profile.SaveLoadService
13:54:59.613 [FXGL Background Thread 3 ] DEBUG Engine               - class com.almasb.fxgl.ui.FXGLUIFactoryServiceProvider
13:54:59.613 [FXGL Background Thread 3 ] DEBUG Engine               - class com.almasb.fxgl.ui.FXGLDialogFactoryServiceProvider
13:54:59.613 [FXGL Background Thread 3 ] DEBUG Engine               - class com.almasb.fxgl.audio.AudioPlayer
13:54:59.613 [FXGL Background Thread 3 ] DEBUG Engine               - class com.almasb.fxgl.notification.impl.NotificationServiceProvider
13:54:59.613 [FXGL Background Thread 3 ] DEBUG Engine               - class com.almasb.fxgl.achievement.AchievementService
13:54:59.613 [FXGL Background Thread 3 ] DEBUG Engine               - class com.almasb.fxgl.cutscene.CutsceneService
13:54:59.613 [FXGL Background Thread 3 ] DEBUG Engine               - class com.almasb.fxgl.minigames.MiniGameService
13:54:59.613 [FXGL Background Thread 3 ] DEBUG Engine               - class com.almasb.fxgl.net.NetService
13:54:59.613 [FXGL Background Thread 3 ] DEBUG Engine               - class com.almasb.fxgl.app.services.UpdaterService
13:54:59.613 [FXGL Background Thread 3 ] DEBUG Engine               - class com.almasb.fxgl.dev.DevService
13:56:57.451 [JavaFX Application Thread] DEBUG FXGLApplication      - Exiting FXGL
13:56:57.452 [JavaFX Application Thread] DEBUG LoopRunner           - Stopping loop
13:56:57.452 [JavaFX Application Thread] DEBUG SystemBundleService  - Saving FXGL system data
13:56:57.455 [JavaFX Application Thread] DEBUG FileSystemAccess     - Writing to: /Users/zhangyizhong/Documents/Coding/java/freshman-project/system/fxgl.bundle
13:56:57.457 [JavaFX Application Thread] DEBUG Async                - Shutting down background threads
13:56:57.457 [JavaFX Application Thread] DEBUG PrimaryStageWindow   - Closing main window
13:56:57.465 [JavaFX Application Thread] DEBUG Logger               - Closing Logger
