02:09:30.544 [main                     ] DEBUG Logger               - Configured Logger
02:09:30.554 [main                     ] DEBUG GameApplication      - Logging settings
Title: Team Project
Version: 0.0
Width: 800
Height: 600
Fullscreen: false
Intro: false
Profiling: false
Single step:false
App Mode: DEVELOPER
Menu Key: ESCAPE
Stage Style: DECORATED
Scene Factory: class com.almasb.fxgl.app.scene.SceneFactory

02:09:30.756 [JavaFX Application Thread] DEBUG FXGLApplication      - Initializing FXGL
02:09:30.758 [JavaFX Application Thread] INFO  Engine               - FXGL-17.3 (30.03.2023 11.49) on MAC (J:21.0.3 FX:21.0.7)
02:09:30.758 [JavaFX Application Thread] DEBUG Engine               - JRE Vendor Name: Oracle Corporation
02:09:30.758 [JavaFX Application Thread] DEBUG Engine               - Running on OS: Mac OS X version 15.3
02:09:30.758 [JavaFX Application Thread] DEBUG Engine               - Architecture: aarch64
02:09:30.758 [JavaFX Application Thread] INFO  Engine               - Source code and latest versions at: https://github.com/AlmasB/FXGL
02:09:30.758 [JavaFX Application Thread] INFO  Engine               -       Ask questions and discuss at: https://github.com/AlmasB/FXGL/discussions
02:09:30.758 [JavaFX Application Thread] INFO  Engine               -              Join the FXGL chat at: https://gitter.im/AlmasB/FXGL
02:09:30.793 [JavaFX Application Thread] DEBUG PrimaryStageWindow   - Creating a JavaFX scene
02:09:30.813 [JavaFX Application Thread] DEBUG PrimaryStageWindow   - Target settings size: 800.0 x 600.0
02:09:30.814 [JavaFX Application Thread] DEBUG PrimaryStageWindow   - Scaled scene size:    800.0 x 600.0
02:09:30.814 [JavaFX Application Thread] DEBUG PrimaryStageWindow   - Scaled ratio: (1.0, 1.0)
02:09:30.814 [JavaFX Application Thread] DEBUG PrimaryStageWindow   - Set initial scene to FXGLStartupScene
02:09:30.815 [JavaFX Application Thread] DEBUG PrimaryStageWindow   - Opening main window
02:09:30.856 [JavaFX Application Thread] DEBUG PrimaryStageWindow   - Window border size: (0.0, 28.0)
02:09:30.856 [JavaFX Application Thread] DEBUG PrimaryStageWindow   - Scaled size: 800.0 x 600.0
02:09:30.857 [JavaFX Application Thread] DEBUG PrimaryStageWindow   - Scaled ratio: (1.0, 1.0)
02:09:30.857 [JavaFX Application Thread] DEBUG PrimaryStageWindow   - Scene size: 800.0 x 600.0
02:09:30.857 [JavaFX Application Thread] DEBUG PrimaryStageWindow   - Stage size: 800.0 x 628.0
02:09:30.859 [FXGL Background Thread 1 ] DEBUG Engine               - Initializing environment variables
02:09:30.881 [FXGL Background Thread 1 ] DEBUG FXGLAssetLoaderServi - User app class for loading assets: class org.ncu.fresh.Main
02:09:30.881 [FXGL Background Thread 1 ] DEBUG GameApplicationServi - Applying CSS: fxgl_dark.css
02:09:30.881 [FXGL Background Thread 1 ] DEBUG FXGLAssetLoaderServi - Loading from file system: jar:file:///Users/zhangyizhong/.gradle/caches/modules-2/files-2.1/com.github.almasb/fxgl/17.3/614d2b2607c97fe7b539dfa75036066a8010f74b/fxgl-17.3.jar!/fxglassets/ui/css/fxgl_dark.css
02:09:30.919 [FXGL Background Thread 1 ] DEBUG GameApplicationServi - Initializing application scenes
02:09:31.062 [FXGL Background Thread 1 ] DEBUG GameWorld            - Game world initialized
02:09:31.097 [FXGL Background Thread 1 ] DEBUG PhysicsWorld         - Physics world initialized: appHeight=600, physics.ppm=50.0
02:09:31.097 [FXGL Background Thread 1 ] DEBUG PhysicsWorld         - Using strategy: BRUTE_FORCE
02:09:31.099 [FXGL Background Thread 1 ] DEBUG GameScene            - Game scene initialized: 800x600
02:09:31.105 [FXGL Background Thread 1 ] DEBUG FXGL.DefaultMenu     - createMenuBodyGameMenu()
02:09:31.116 [FXGL Background Thread 1 ] DEBUG FXGL.DefaultMenu     - createOptionsMenu()
02:09:31.122 [FXGL Background Thread 1 ] DEBUG FXGLAssetLoaderServi - Loading from file system: jar:file:///Users/zhangyizhong/.gradle/caches/modules-2/files-2.1/com.github.almasb/fxgl/17.3/614d2b2607c97fe7b539dfa75036066a8010f74b/fxgl-17.3.jar!/fxglassets/textures/particles/smoke.png
02:09:31.173 [FXGL Background Thread 1 ] DEBUG FXGLAssetLoaderServi - Loading from file system: jar:file:///Users/zhangyizhong/.gradle/caches/modules-2/files-2.1/com.github.almasb/fxgl/17.3/614d2b2607c97fe7b539dfa75036066a8010f74b/fxgl-17.3.jar!/fxglassets/textures/particles/trace_horizontal.png
02:09:31.187 [FXGL Background Thread 1 ] DEBUG GameApplicationServi - Application scenes initialized
02:09:31.195 [FXGL Background Thread 1 ] DEBUG SystemBundleService  - Loading FXGL system data
02:09:31.197 [FXGL Background Thread 1 ] DEBUG FileSystemAccess     - Reading from: /Users/zhangyizhong/Documents/Coding/java/freshman-project/system/fxgl.bundle
02:09:31.201 [FXGL Background Thread 1 ] DEBUG SystemBundleService  - Bundle FXGL: {}
02:09:31.202 [FXGL Background Thread 1 ] DEBUG UpdaterService       - Checking for updates
02:09:31.203 [FXGL Background Thread 1 ] DEBUG FXGLApplication      - Loading default localization
02:09:31.203 [FXGL Background Thread 1 ] DEBUG FXGLAssetLoaderServi - Loading from file system: jar:file:///Users/zhangyizhong/.gradle/caches/modules-2/files-2.1/com.github.almasb/fxgl/17.3/614d2b2607c97fe7b539dfa75036066a8010f74b/fxgl-17.3.jar!/fxglassets/languages/english.lang
02:09:31.204 [FXGL Background Thread 4 ] DEBUG FXGLApplication      - Loading fonts
02:09:31.204 [FXGL Background Thread 4 ] DEBUG FXGLAssetLoaderServi - Loading from file system: jar:file:///Users/zhangyizhong/.gradle/caches/modules-2/files-2.1/com.github.almasb/fxgl/17.3/614d2b2607c97fe7b539dfa75036066a8010f74b/fxgl-17.3.jar!/fxglassets/ui/fonts/VarelaRound-Regular.ttf
02:09:31.217 [FXGL Background Thread 1 ] INFO  FXGLApplication      - FXGL initialization took: 0.355 sec
02:09:31.218 [JavaFX Application Thread] DEBUG FXGLAssetLoaderServi - Loading from file system: jar:file:///Users/zhangyizhong/.gradle/caches/modules-2/files-2.1/com.github.almasb/fxgl/17.3/614d2b2607c97fe7b539dfa75036066a8010f74b/fxgl-17.3.jar!/fxglassets/textures/fxgl_icon.png
02:09:31.222 [FXGL Background Thread 4 ] DEBUG FXGLAssetLoaderServi - Loading from file system: jar:file:///Users/zhangyizhong/.gradle/caches/modules-2/files-2.1/com.github.almasb/fxgl/17.3/614d2b2607c97fe7b539dfa75036066a8010f74b/fxgl-17.3.jar!/fxglassets/ui/fonts/Abel-Regular.ttf
02:09:31.225 [FXGL Background Thread 4 ] DEBUG FXGLAssetLoaderServi - Loading from file system: jar:file:///Users/zhangyizhong/.gradle/caches/modules-2/files-2.1/com.github.almasb/fxgl/17.3/614d2b2607c97fe7b539dfa75036066a8010f74b/fxgl-17.3.jar!/fxglassets/ui/fonts/TerminalLandMono-Regular.otf
02:09:31.228 [FXGL Background Thread 4 ] DEBUG FXGLAssetLoaderServi - Loading from file system: jar:file:///Users/zhangyizhong/.gradle/caches/modules-2/files-2.1/com.github.almasb/fxgl/17.3/614d2b2607c97fe7b539dfa75036066a8010f74b/fxgl-17.3.jar!/fxglassets/ui/fonts/Courier-Prime.ttf
02:09:31.232 [JavaFX Application Thread] DEBUG FXGLAssetLoaderServi - Loading from file system: jar:file:///Users/zhangyizhong/.gradle/caches/modules-2/files-2.1/com.github.almasb/fxgl/17.3/614d2b2607c97fe7b539dfa75036066a8010f74b/fxgl-17.3.jar!/fxglassets/textures/fxgl_default_cursor.png
02:09:31.236 [JavaFX Application Thread] DEBUG Input                - Registered new binding: Screenshot - CTRL+8
02:09:31.237 [JavaFX Application Thread] DEBUG Input                - Registered new binding: System info dump - CTRL+9
02:09:31.237 [JavaFX Application Thread] DEBUG Input                - Registered new binding: Restart - CTRL+R
02:09:31.237 [JavaFX Application Thread] DEBUG Input                - Registered new binding: Toggle Debug Camera - CTRL+7
02:09:31.237 [JavaFX Application Thread] DEBUG LoopRunner           - Starting loop
02:09:31.237 [JavaFX Application Thread] DEBUG LoopRunner           - Initializing JavaFX AnimationTimerLoop
02:09:31.238 [JavaFX Application Thread] DEBUG GameApplicationServi - Starting new game
02:09:31.238 [JavaFX Application Thread] DEBUG Input                - Clearing active input actions
02:09:31.242 [JavaFX Application Thread] DEBUG GameApplicationServi - Removing overlay from FXGLStartupScene and adding to FXGLLoadingScene
02:09:31.242 [JavaFX Application Thread] DEBUG PrimaryStageWindow   - FXGLStartupScene -> FXGLLoadingScene
02:09:31.242 [JavaFX Application Thread] DEBUG GameApplicationServi - Clearing previous game
02:09:31.242 [JavaFX Application Thread] DEBUG GameScene            - Clearing game scene
02:09:31.242 [JavaFX Application Thread] DEBUG GameWorld            - Clearing game world
02:09:31.242 [JavaFX Application Thread] DEBUG PhysicsWorld         - Clearing physics world
02:09:31.247 [JavaFX Application Thread] DEBUG FXGLApplication      - Registering font factories with UI factory
02:09:31.247 [FXGL Background Thread 4 ] DEBUG FXGLApplication      - Initializing game
02:09:31.256 [FXGL Background Thread 4 ] WARN  Entity               - Entity already has component: com.almasb.fxgl.entity.components.TransformComponent
02:09:31.263 [FXGL Background Thread 4 ] DEBUG Input                - Registered new binding: action0 - W
02:09:31.263 [FXGL Background Thread 4 ] DEBUG Input                - Registered new binding: action1 - S
02:09:31.263 [FXGL Background Thread 4 ] DEBUG Input                - Registered new binding: action2 - A
02:09:31.264 [FXGL Background Thread 4 ] DEBUG Input                - Registered new binding: action3 - D
02:09:31.264 [FXGL Background Thread 4 ] INFO  FXGLApplication      - Game initialization took: 0.017 sec
02:09:31.265 [JavaFX Application Thread] DEBUG Input                - Clearing active input actions
02:09:31.268 [JavaFX Application Thread] DEBUG GameApplicationServi - Removing overlay from FXGLLoadingScene and adding to GameScene
02:09:31.268 [JavaFX Application Thread] DEBUG PrimaryStageWindow   - FXGLLoadingScene -> GameScene
02:09:31.522 [FXGL Background Thread 2 ] INFO  UpdaterService       - Your current version:  17.3
02:09:31.522 [FXGL Background Thread 2 ] INFO  UpdaterService       - Latest stable version: 21.1
02:09:32.683 [JavaFX Application Thread] DEBUG LoopRunner           - Stopping loop
02:09:32.684 [JavaFX Application Thread] FATAL FXGLApplication      - Uncaught Exception:
java.lang.IllegalArgumentException: Component PlayerComponent not found!
	at com.almasb.fxgl.entity@17.3/com.almasb.fxgl.entity.Entity.getComponent(Entity.java:366)
	at org.ncu.fresh@1.0-SNAPSHOT/org.ncu.fresh.core.entity.io.InputHandler.lambda$initPlayerMovement$3(InputHandler.java:17)
	at com.almasb.fxgl.all@17.3/com.almasb.fxgl.dsl.FXGL$Companion$onKey$1.onAction(FXGL.kt:500)
	at com.almasb.fxgl.core@17.3/com.almasb.fxgl.input.UserAction.action$fxgl_core(UserAction.kt:38)
	at com.almasb.fxgl.core@17.3/com.almasb.fxgl.input.Input.update(Input.kt:288)
	at com.almasb.fxgl.scene@17.3/com.almasb.fxgl.scene.Scene.update(Scene.kt:103)
	at com.almasb.fxgl.all@17.3/com.almasb.fxgl.app.MainWindow$update$1.invoke(MainWindow.kt:115)
	at com.almasb.fxgl.all@17.3/com.almasb.fxgl.app.MainWindow$update$1.invoke(MainWindow.kt:115)
	at com.almasb.fxgl.core@17.3/com.almasb.fxgl.core.fsm.StateMachine.runOnActiveStates(StateMachine.kt:69)
	at com.almasb.fxgl.all@17.3/com.almasb.fxgl.app.MainWindow.update(MainWindow.kt:115)
	at com.almasb.fxgl.all@17.3/com.almasb.fxgl.app.FXGLApplication$GameApplicationService.onUpdate(FXGLApplication.kt:426)
	at com.almasb.fxgl.all@17.3/com.almasb.fxgl.app.Engine.loop(Engine.kt:134)
	at com.almasb.fxgl.all@17.3/com.almasb.fxgl.app.Engine.access$loop(Engine.kt:24)
	at com.almasb.fxgl.all@17.3/com.almasb.fxgl.app.Engine$loop$1.invoke(Engine.kt:28)
	at com.almasb.fxgl.all@17.3/com.almasb.fxgl.app.Engine$loop$1.invoke(Engine.kt:28)
	at com.almasb.fxgl.all@17.3/com.almasb.fxgl.app.LoopRunner.frame(LoopRunner.kt:103)
	at com.almasb.fxgl.all@17.3/com.almasb.fxgl.app.LoopRunner.access$frame(LoopRunner.kt:23)
	at com.almasb.fxgl.all@17.3/com.almasb.fxgl.app.LoopRunner$impl$2$1.onTick(LoopRunner.kt:57)
	at com.almasb.fxgl.all@17.3/com.almasb.fxgl.app.AnimationTimerLoop$timer$1.handle(LoopRunner.kt:137)
	at javafx.graphics@21.0.7/javafx.animation.AnimationTimer$AnimationTimerReceiver.lambda$handle$0(AnimationTimer.java:58)
	at java.base/java.security.AccessController.doPrivileged(AccessController.java:400)
	at javafx.graphics@21.0.7/javafx.animation.AnimationTimer$AnimationTimerReceiver.handle(AnimationTimer.java:57)
	at javafx.graphics@21.0.7/com.sun.scenario.animation.AbstractPrimaryTimer.timePulseImpl(AbstractPrimaryTimer.java:356)
	at javafx.graphics@21.0.7/com.sun.scenario.animation.AbstractPrimaryTimer$MainLoop.run(AbstractPrimaryTimer.java:266)
	at javafx.graphics@21.0.7/com.sun.javafx.tk.quantum.QuantumToolkit.pulse(QuantumToolkit.java:588)
	at javafx.graphics@21.0.7/com.sun.javafx.tk.quantum.QuantumToolkit.pulse(QuantumToolkit.java:572)
	at javafx.graphics@21.0.7/com.sun.javafx.tk.quantum.QuantumToolkit.pulseFromQueue(QuantumToolkit.java:565)
	at javafx.graphics@21.0.7/com.sun.javafx.tk.quantum.QuantumToolkit.lambda$runToolkit$11(QuantumToolkit.java:352)
	at javafx.graphics@21.0.7/com.sun.glass.ui.InvokeLaterDispatcher$Future.run(InvokeLaterDispatcher.java:95)

02:09:32.684 [JavaFX Application Thread] FATAL FXGLApplication      - Application will now exit
02:09:32.692 [JavaFX Application Thread] DEBUG PrimaryStageWindow   - Push state: ErrorSubScene
02:09:32.692 [JavaFX Application Thread] DEBUG Input                - Clearing active input actions
02:09:32.694 [JavaFX Application Thread] DEBUG GameApplicationServi - Removing overlay from GameScene and adding to ErrorSubScene
02:09:32.694 [JavaFX Application Thread] DEBUG PrimaryStageWindow   - GameScene -> ErrorSubScene
02:09:34.206 [FXGL Background Thread 3 ] DEBUG Engine               - Logging environment variables
02:09:34.207 [FXGL Background Thread 3 ] DEBUG Engine               - achievements: []
02:09:34.207 [FXGL Background Thread 3 ] DEBUG Engine               - actualHeight: 600.0
02:09:34.207 [FXGL Background Thread 3 ] DEBUG Engine               - actualHeightProperty: ReadOnlyDoubleProperty [value: 600.0]
02:09:34.207 [FXGL Background Thread 3 ] DEBUG Engine               - actualWidth: 800.0
02:09:34.207 [FXGL Background Thread 3 ] DEBUG Engine               - actualWidthProperty: ReadOnlyDoubleProperty [value: 800.0]
02:09:34.207 [FXGL Background Thread 3 ] DEBUG Engine               - appIcon: fxgl_icon.png
02:09:34.207 [FXGL Background Thread 3 ] DEBUG Engine               - applicationMode: DEVELOPER
02:09:34.207 [FXGL Background Thread 3 ] DEBUG Engine               - cSSList: [fxgl_dark.css]
02:09:34.207 [FXGL Background Thread 3 ] DEBUG Engine               - collisionDetectionStrategy: BRUTE_FORCE
02:09:34.207 [FXGL Background Thread 3 ] DEBUG Engine               - configClass: Optional.empty
02:09:34.207 [FXGL Background Thread 3 ] DEBUG Engine               - credits: []
02:09:34.207 [FXGL Background Thread 3 ] DEBUG Engine               - defaultCursor: CursorInfo(imageName=fxgl_default_cursor.png, hotspotX=7.0, hotspotY=6.0)
02:09:34.207 [FXGL Background Thread 3 ] DEBUG Engine               - devBBoxColorProperty: ObjectProperty [value: 0xff0000ff]
02:09:34.207 [FXGL Background Thread 3 ] DEBUG Engine               - devEnableDebugCameraProperty: BooleanProperty [value: false]
02:09:34.207 [FXGL Background Thread 3 ] DEBUG Engine               - devSensorColorProperty: ObjectProperty [value: 0xffff00ff]
02:09:34.207 [FXGL Background Thread 3 ] DEBUG Engine               - devShowBBoxProperty: BooleanProperty [value: false]
02:09:34.208 [FXGL Background Thread 3 ] DEBUG Engine               - devShowPositionProperty: BooleanProperty [value: false]
02:09:34.208 [FXGL Background Thread 3 ] DEBUG Engine               - enabledMenuItems: []
02:09:34.208 [FXGL Background Thread 3 ] DEBUG Engine               - engineServices: [class com.almasb.fxgl.app.services.FXGLAssetLoaderService, class com.almasb.fxgl.app.FXGLApplication$GameApplicationService, class com.almasb.fxgl.app.services.FXGLDialogService, class com.almasb.fxgl.app.services.IOTaskExecutorService, class com.almasb.fxgl.io.FileSystemService, class com.almasb.fxgl.localization.LocalizationService, class com.almasb.fxgl.app.services.SystemBundleService, class com.almasb.fxgl.profile.SaveLoadService, class com.almasb.fxgl.ui.FXGLUIFactoryServiceProvider, class com.almasb.fxgl.ui.FXGLDialogFactoryServiceProvider, class com.almasb.fxgl.audio.AudioPlayer, class com.almasb.fxgl.notification.impl.NotificationServiceProvider, class com.almasb.fxgl.achievement.AchievementService, class com.almasb.fxgl.cutscene.CutsceneService, class com.almasb.fxgl.minigames.MiniGameService, class com.almasb.fxgl.net.NetService, class com.almasb.fxgl.app.services.UpdaterService, class com.almasb.fxgl.dev.DevService]
02:09:34.208 [FXGL Background Thread 3 ] DEBUG Engine               - fontGame: Abel-Regular.ttf
02:09:34.208 [FXGL Background Thread 3 ] DEBUG Engine               - fontMono: TerminalLandMono-Regular.otf
02:09:34.208 [FXGL Background Thread 3 ] DEBUG Engine               - fontSizeScaleUI: 1.0
02:09:34.208 [FXGL Background Thread 3 ] DEBUG Engine               - fontText: Courier-Prime.ttf
02:09:34.208 [FXGL Background Thread 3 ] DEBUG Engine               - fontUI: VarelaRound-Regular.ttf
02:09:34.208 [FXGL Background Thread 3 ] DEBUG Engine               - fullScreen: BooleanProperty [value: false]
02:09:34.208 [FXGL Background Thread 3 ] DEBUG Engine               - gameDifficulty: MEDIUM
02:09:34.208 [FXGL Background Thread 3 ] DEBUG Engine               - gameDifficultyProperty: ObjectProperty [value: MEDIUM]
02:09:34.208 [FXGL Background Thread 3 ] DEBUG Engine               - globalMusicVolume: 0.5
02:09:34.208 [FXGL Background Thread 3 ] DEBUG Engine               - globalMusicVolumeProperty: DoubleProperty [value: 0.5]
02:09:34.208 [FXGL Background Thread 3 ] DEBUG Engine               - globalSoundVolume: 0.5
02:09:34.208 [FXGL Background Thread 3 ] DEBUG Engine               - globalSoundVolumeProperty: DoubleProperty [value: 0.5]
02:09:34.208 [FXGL Background Thread 3 ] DEBUG Engine               - height: 600
02:09:34.208 [FXGL Background Thread 3 ] DEBUG Engine               - is3D: false
02:09:34.208 [FXGL Background Thread 3 ] DEBUG Engine               - isAndroid: false
02:09:34.208 [FXGL Background Thread 3 ] DEBUG Engine               - isBrowser: false
02:09:34.208 [FXGL Background Thread 3 ] DEBUG Engine               - isClickFeedbackEnabled: false
02:09:34.208 [FXGL Background Thread 3 ] DEBUG Engine               - isCloseConfirmation: false
02:09:34.208 [FXGL Background Thread 3 ] DEBUG Engine               - isDesktop: true
02:09:34.208 [FXGL Background Thread 3 ] DEBUG Engine               - isDeveloperMenuEnabled: false
02:09:34.208 [FXGL Background Thread 3 ] DEBUG Engine               - isEmbedded: false
02:09:34.208 [FXGL Background Thread 3 ] DEBUG Engine               - isEntityPreloadEnabled: true
02:09:34.208 [FXGL Background Thread 3 ] DEBUG Engine               - isExperimentalTiledLargeMap: false
02:09:34.208 [FXGL Background Thread 3 ] DEBUG Engine               - isFileSystemWriteAllowed: true
02:09:34.208 [FXGL Background Thread 3 ] DEBUG Engine               - isFullScreenAllowed: false
02:09:34.208 [FXGL Background Thread 3 ] DEBUG Engine               - isFullScreenFromStart: false
02:09:34.208 [FXGL Background Thread 3 ] DEBUG Engine               - isGameMenuEnabled: true
02:09:34.208 [FXGL Background Thread 3 ] DEBUG Engine               - isIOS: false
02:09:34.208 [FXGL Background Thread 3 ] DEBUG Engine               - isIntroEnabled: false
02:09:34.208 [FXGL Background Thread 3 ] DEBUG Engine               - isLinux: false
02:09:34.208 [FXGL Background Thread 3 ] DEBUG Engine               - isMac: true
02:09:34.208 [FXGL Background Thread 3 ] DEBUG Engine               - isMainMenuEnabled: false
02:09:34.209 [FXGL Background Thread 3 ] DEBUG Engine               - isManualResizeEnabled: false
02:09:34.209 [FXGL Background Thread 3 ] DEBUG Engine               - isMobile: false
02:09:34.209 [FXGL Background Thread 3 ] DEBUG Engine               - isNative: false
02:09:34.209 [FXGL Background Thread 3 ] DEBUG Engine               - isPauseMusicWhenMinimized: true
02:09:34.209 [FXGL Background Thread 3 ] DEBUG Engine               - isPreserveResizeRatio: false
02:09:34.209 [FXGL Background Thread 3 ] DEBUG Engine               - isProfilingEnabled: false
02:09:34.209 [FXGL Background Thread 3 ] DEBUG Engine               - isScaleAffectedOnResize: true
02:09:34.209 [FXGL Background Thread 3 ] DEBUG Engine               - isSingleStep: false
02:09:34.209 [FXGL Background Thread 3 ] DEBUG Engine               - isUserProfileEnabled: false
02:09:34.209 [FXGL Background Thread 3 ] DEBUG Engine               - isWindows: false
02:09:34.209 [FXGL Background Thread 3 ] DEBUG Engine               - language: ObjectProperty [value: ENGLISH]
02:09:34.209 [FXGL Background Thread 3 ] DEBUG Engine               - menuKey: ESCAPE
02:09:34.209 [FXGL Background Thread 3 ] DEBUG Engine               - mouseSensitivity: 0.2
02:09:34.209 [FXGL Background Thread 3 ] DEBUG Engine               - notificationViewClass: class com.almasb.fxgl.notification.view.XboxNotificationView
02:09:34.209 [FXGL Background Thread 3 ] DEBUG Engine               - pixelsPerMeter: 50.0
02:09:34.209 [FXGL Background Thread 3 ] DEBUG Engine               - platform: MAC
02:09:34.209 [FXGL Background Thread 3 ] DEBUG Engine               - prefHeightProperty: ReadOnlyDoubleProperty [value: 600.0]
02:09:34.209 [FXGL Background Thread 3 ] DEBUG Engine               - prefWidthProperty: ReadOnlyDoubleProperty [value: 800.0]
02:09:34.209 [FXGL Background Thread 3 ] DEBUG Engine               - profileDir: profiles/
02:09:34.209 [FXGL Background Thread 3 ] DEBUG Engine               - profileName: StringProperty [value: DEFAULT]
02:09:34.209 [FXGL Background Thread 3 ] DEBUG Engine               - randomSeed: -1
02:09:34.209 [FXGL Background Thread 3 ] DEBUG Engine               - runtimeInfo: RuntimeInfo(platform=MAC, version=17.3, build=30.03.2023 11.49)
02:09:34.209 [FXGL Background Thread 3 ] DEBUG Engine               - saveFileExt: sav
02:09:34.209 [FXGL Background Thread 3 ] DEBUG Engine               - scaledHeightProp$fxgl: DoubleProperty [bound, value: 600.0]
02:09:34.209 [FXGL Background Thread 3 ] DEBUG Engine               - scaledWidthProp$fxgl: DoubleProperty [bound, value: 800.0]
02:09:34.209 [FXGL Background Thread 3 ] DEBUG Engine               - sceneFactory: com.almasb.fxgl.app.scene.SceneFactory@63f5c3c4
02:09:34.209 [FXGL Background Thread 3 ] DEBUG Engine               - secondsIn24h: 60
02:09:34.209 [FXGL Background Thread 3 ] DEBUG Engine               - soundMenuBack: menu/back.wav
02:09:34.209 [FXGL Background Thread 3 ] DEBUG Engine               - soundMenuPress: menu/press.wav
02:09:34.209 [FXGL Background Thread 3 ] DEBUG Engine               - soundMenuSelect: menu/select.wav
02:09:34.209 [FXGL Background Thread 3 ] DEBUG Engine               - soundNotification: core/notification.wav
02:09:34.209 [FXGL Background Thread 3 ] DEBUG Engine               - stageStyle: DECORATED
02:09:34.209 [FXGL Background Thread 3 ] DEBUG Engine               - supportedLanguages: [ENGLISH, FRENCH, GERMAN, HUNGARIAN, RUSSIAN]
02:09:34.209 [FXGL Background Thread 3 ] DEBUG Engine               - ticksPerSecond: -1
02:09:34.209 [FXGL Background Thread 3 ] DEBUG Engine               - title: Team Project
02:09:34.209 [FXGL Background Thread 3 ] DEBUG Engine               - urlGithub: https://github.com/AlmasB/FXGL
02:09:34.209 [FXGL Background Thread 3 ] DEBUG Engine               - urlLeaderboard: http://fxgl-top.herokuapp.com/
02:09:34.209 [FXGL Background Thread 3 ] DEBUG Engine               - urlPOM: https://raw.githubusercontent.com/AlmasB/FXGL/release/README.md
02:09:34.209 [FXGL Background Thread 3 ] DEBUG Engine               - userAppClass: class org.ncu.fresh.Main
02:09:34.209 [FXGL Background Thread 3 ] DEBUG Engine               - version: 0.0
02:09:34.210 [FXGL Background Thread 3 ] DEBUG Engine               - versionCheckDays: 7
02:09:34.210 [FXGL Background Thread 3 ] DEBUG Engine               - width: 800
02:09:34.210 [FXGL Background Thread 3 ] DEBUG Engine               - Logging services
02:09:34.210 [FXGL Background Thread 3 ] DEBUG Engine               - class com.almasb.fxgl.app.services.FXGLAssetLoaderService
02:09:34.210 [FXGL Background Thread 3 ] DEBUG Engine               - class com.almasb.fxgl.app.FXGLApplication$GameApplicationService
02:09:34.210 [FXGL Background Thread 3 ] DEBUG Engine               - class com.almasb.fxgl.app.services.FXGLDialogService
02:09:34.210 [FXGL Background Thread 3 ] DEBUG Engine               - class com.almasb.fxgl.app.services.IOTaskExecutorService
02:09:34.210 [FXGL Background Thread 3 ] DEBUG Engine               - class com.almasb.fxgl.io.FileSystemService
02:09:34.210 [FXGL Background Thread 3 ] DEBUG Engine               - class com.almasb.fxgl.localization.LocalizationService
02:09:34.210 [FXGL Background Thread 3 ] DEBUG Engine               - class com.almasb.fxgl.app.services.SystemBundleService
02:09:34.210 [FXGL Background Thread 3 ] DEBUG Engine               - class com.almasb.fxgl.profile.SaveLoadService
02:09:34.210 [FXGL Background Thread 3 ] DEBUG Engine               - class com.almasb.fxgl.ui.FXGLUIFactoryServiceProvider
02:09:34.210 [FXGL Background Thread 3 ] DEBUG Engine               - class com.almasb.fxgl.ui.FXGLDialogFactoryServiceProvider
02:09:34.210 [FXGL Background Thread 3 ] DEBUG Engine               - class com.almasb.fxgl.audio.AudioPlayer
02:09:34.210 [FXGL Background Thread 3 ] DEBUG Engine               - class com.almasb.fxgl.notification.impl.NotificationServiceProvider
02:09:34.210 [FXGL Background Thread 3 ] DEBUG Engine               - class com.almasb.fxgl.achievement.AchievementService
02:09:34.210 [FXGL Background Thread 3 ] DEBUG Engine               - class com.almasb.fxgl.cutscene.CutsceneService
02:09:34.210 [FXGL Background Thread 3 ] DEBUG Engine               - class com.almasb.fxgl.minigames.MiniGameService
02:09:34.210 [FXGL Background Thread 3 ] DEBUG Engine               - class com.almasb.fxgl.net.NetService
02:09:34.210 [FXGL Background Thread 3 ] DEBUG Engine               - class com.almasb.fxgl.app.services.UpdaterService
02:09:34.210 [FXGL Background Thread 3 ] DEBUG Engine               - class com.almasb.fxgl.dev.DevService
02:09:39.587 [JavaFX Application Thread] DEBUG FXGLApplication      - Exiting FXGL
02:09:39.588 [JavaFX Application Thread] DEBUG Async                - Shutting down background threads
02:09:39.588 [JavaFX Application Thread] DEBUG PrimaryStageWindow   - Closing main window
02:09:39.597 [JavaFX Application Thread] DEBUG Logger               - Closing Logger
