14:06:49.716 [main                     ] DEBUG Logger               - Configured Logger
14:06:49.726 [main                     ] DEBUG GameApplication      - Logging settings
Title: Team Project
Version: 0.0
Width: 800
Height: 600
Fullscreen: false
Intro: false
Profiling: false
Single step:false
App Mode: DEVELOPER
Menu Key: ESCAPE
Stage Style: DECORATED
Scene Factory: class com.almasb.fxgl.app.scene.SceneFactory

14:06:49.889 [JavaFX Application Thread] DEBUG FXGLApplication      - Initializing FXGL
14:06:49.891 [JavaFX Application Thread] INFO  Engine               - FXGL-17.3 (30.03.2023 11.49) on MAC (J:21.0.3 FX:21.0.7)
14:06:49.891 [JavaFX Application Thread] DEBUG Engine               - JRE Vendor Name: Oracle Corporation
14:06:49.891 [JavaFX Application Thread] DEBUG Engine               - Running on OS: Mac OS X version 15.3
14:06:49.891 [JavaFX Application Thread] DEBUG Engine               - Architecture: aarch64
14:06:49.891 [JavaFX Application Thread] INFO  Engine               - Source code and latest versions at: https://github.com/AlmasB/FXGL
14:06:49.891 [JavaFX Application Thread] INFO  Engine               -       Ask questions and discuss at: https://github.com/AlmasB/FXGL/discussions
14:06:49.891 [JavaFX Application Thread] INFO  Engine               -              Join the FXGL chat at: https://gitter.im/AlmasB/FXGL
14:06:49.924 [JavaFX Application Thread] DEBUG PrimaryStageWindow   - Creating a JavaFX scene
14:06:49.941 [JavaFX Application Thread] DEBUG PrimaryStageWindow   - Target settings size: 800.0 x 600.0
14:06:49.941 [JavaFX Application Thread] DEBUG PrimaryStageWindow   - Scaled scene size:    800.0 x 600.0
14:06:49.941 [JavaFX Application Thread] DEBUG PrimaryStageWindow   - Scaled ratio: (1.0, 1.0)
14:06:49.942 [JavaFX Application Thread] DEBUG PrimaryStageWindow   - Set initial scene to FXGLStartupScene
14:06:49.943 [JavaFX Application Thread] DEBUG PrimaryStageWindow   - Opening main window
14:06:49.980 [JavaFX Application Thread] DEBUG PrimaryStageWindow   - Window border size: (0.0, 28.0)
14:06:49.980 [JavaFX Application Thread] DEBUG PrimaryStageWindow   - Scaled size: 800.0 x 600.0
14:06:49.981 [JavaFX Application Thread] DEBUG PrimaryStageWindow   - Scaled ratio: (1.0, 1.0)
14:06:49.981 [JavaFX Application Thread] DEBUG PrimaryStageWindow   - Scene size: 800.0 x 600.0
14:06:49.981 [JavaFX Application Thread] DEBUG PrimaryStageWindow   - Stage size: 800.0 x 628.0
14:06:49.983 [FXGL Background Thread 1 ] DEBUG Engine               - Initializing environment variables
14:06:50.005 [FXGL Background Thread 1 ] DEBUG FXGLAssetLoaderServi - User app class for loading assets: class org.ncu.fresh.Main
14:06:50.005 [FXGL Background Thread 1 ] DEBUG GameApplicationServi - Applying CSS: fxgl_dark.css
14:06:50.005 [FXGL Background Thread 1 ] DEBUG FXGLAssetLoaderServi - Loading from file system: jar:file:///Users/zhangyizhong/.gradle/caches/modules-2/files-2.1/com.github.almasb/fxgl/17.3/614d2b2607c97fe7b539dfa75036066a8010f74b/fxgl-17.3.jar!/fxglassets/ui/css/fxgl_dark.css
14:06:50.032 [FXGL Background Thread 1 ] DEBUG GameApplicationServi - Initializing application scenes
14:06:50.101 [FXGL Background Thread 1 ] DEBUG GameWorld            - Game world initialized
14:06:50.122 [FXGL Background Thread 1 ] DEBUG PhysicsWorld         - Physics world initialized: appHeight=600, physics.ppm=50.0
14:06:50.122 [FXGL Background Thread 1 ] DEBUG PhysicsWorld         - Using strategy: BRUTE_FORCE
14:06:50.124 [FXGL Background Thread 1 ] DEBUG GameScene            - Game scene initialized: 800x600
14:06:50.128 [FXGL Background Thread 1 ] DEBUG FXGL.DefaultMenu     - createMenuBodyGameMenu()
14:06:50.134 [FXGL Background Thread 1 ] DEBUG FXGL.DefaultMenu     - createOptionsMenu()
14:06:50.137 [FXGL Background Thread 1 ] DEBUG FXGLAssetLoaderServi - Loading from file system: jar:file:///Users/zhangyizhong/.gradle/caches/modules-2/files-2.1/com.github.almasb/fxgl/17.3/614d2b2607c97fe7b539dfa75036066a8010f74b/fxgl-17.3.jar!/fxglassets/textures/particles/smoke.png
14:06:50.173 [FXGL Background Thread 1 ] DEBUG FXGLAssetLoaderServi - Loading from file system: jar:file:///Users/zhangyizhong/.gradle/caches/modules-2/files-2.1/com.github.almasb/fxgl/17.3/614d2b2607c97fe7b539dfa75036066a8010f74b/fxgl-17.3.jar!/fxglassets/textures/particles/trace_horizontal.png
14:06:50.184 [FXGL Background Thread 1 ] DEBUG GameApplicationServi - Application scenes initialized
14:06:50.188 [FXGL Background Thread 1 ] DEBUG SystemBundleService  - Loading FXGL system data
14:06:50.189 [FXGL Background Thread 1 ] DEBUG FileSystemAccess     - Reading from: /Users/zhangyizhong/Documents/Coding/java/freshman-project/system/fxgl.bundle
14:06:50.193 [FXGL Background Thread 1 ] DEBUG SystemBundleService  - Bundle FXGL: {}
14:06:50.193 [FXGL Background Thread 1 ] DEBUG UpdaterService       - Checking for updates
14:06:50.194 [FXGL Background Thread 4 ] DEBUG FXGLApplication      - Loading fonts
14:06:50.195 [FXGL Background Thread 4 ] DEBUG FXGLAssetLoaderServi - Loading from file system: jar:file:///Users/zhangyizhong/.gradle/caches/modules-2/files-2.1/com.github.almasb/fxgl/17.3/614d2b2607c97fe7b539dfa75036066a8010f74b/fxgl-17.3.jar!/fxglassets/ui/fonts/VarelaRound-Regular.ttf
14:06:50.195 [FXGL Background Thread 1 ] DEBUG FXGLApplication      - Loading default localization
14:06:50.195 [FXGL Background Thread 1 ] DEBUG FXGLAssetLoaderServi - Loading from file system: jar:file:///Users/zhangyizhong/.gradle/caches/modules-2/files-2.1/com.github.almasb/fxgl/17.3/614d2b2607c97fe7b539dfa75036066a8010f74b/fxgl-17.3.jar!/fxglassets/languages/english.lang
14:06:50.202 [FXGL Background Thread 1 ] INFO  FXGLApplication      - FXGL initialization took: 0.219 sec
14:06:50.203 [JavaFX Application Thread] DEBUG FXGLAssetLoaderServi - Loading from file system: jar:file:///Users/zhangyizhong/.gradle/caches/modules-2/files-2.1/com.github.almasb/fxgl/17.3/614d2b2607c97fe7b539dfa75036066a8010f74b/fxgl-17.3.jar!/fxglassets/textures/fxgl_icon.png
14:06:50.205 [FXGL Background Thread 4 ] DEBUG FXGLAssetLoaderServi - Loading from file system: jar:file:///Users/zhangyizhong/.gradle/caches/modules-2/files-2.1/com.github.almasb/fxgl/17.3/614d2b2607c97fe7b539dfa75036066a8010f74b/fxgl-17.3.jar!/fxglassets/ui/fonts/Abel-Regular.ttf
14:06:50.206 [FXGL Background Thread 4 ] DEBUG FXGLAssetLoaderServi - Loading from file system: jar:file:///Users/zhangyizhong/.gradle/caches/modules-2/files-2.1/com.github.almasb/fxgl/17.3/614d2b2607c97fe7b539dfa75036066a8010f74b/fxgl-17.3.jar!/fxglassets/ui/fonts/TerminalLandMono-Regular.otf
14:06:50.207 [FXGL Background Thread 4 ] DEBUG FXGLAssetLoaderServi - Loading from file system: jar:file:///Users/zhangyizhong/.gradle/caches/modules-2/files-2.1/com.github.almasb/fxgl/17.3/614d2b2607c97fe7b539dfa75036066a8010f74b/fxgl-17.3.jar!/fxglassets/ui/fonts/Courier-Prime.ttf
14:06:50.217 [JavaFX Application Thread] DEBUG FXGLAssetLoaderServi - Loading from file system: jar:file:///Users/zhangyizhong/.gradle/caches/modules-2/files-2.1/com.github.almasb/fxgl/17.3/614d2b2607c97fe7b539dfa75036066a8010f74b/fxgl-17.3.jar!/fxglassets/textures/fxgl_default_cursor.png
14:06:50.221 [JavaFX Application Thread] DEBUG Input                - Registered new binding: Screenshot - CTRL+8
14:06:50.221 [JavaFX Application Thread] DEBUG Input                - Registered new binding: System info dump - CTRL+9
14:06:50.221 [JavaFX Application Thread] DEBUG Input                - Registered new binding: Restart - CTRL+R
14:06:50.221 [JavaFX Application Thread] DEBUG Input                - Registered new binding: Toggle Debug Camera - CTRL+7
14:06:50.222 [JavaFX Application Thread] DEBUG LoopRunner           - Starting loop
14:06:50.222 [JavaFX Application Thread] DEBUG LoopRunner           - Initializing JavaFX AnimationTimerLoop
14:06:50.222 [JavaFX Application Thread] DEBUG GameApplicationServi - Starting new game
14:06:50.222 [JavaFX Application Thread] DEBUG Input                - Clearing active input actions
14:06:50.226 [JavaFX Application Thread] DEBUG GameApplicationServi - Removing overlay from FXGLStartupScene and adding to FXGLLoadingScene
14:06:50.226 [JavaFX Application Thread] DEBUG PrimaryStageWindow   - FXGLStartupScene -> FXGLLoadingScene
14:06:50.226 [JavaFX Application Thread] DEBUG GameApplicationServi - Clearing previous game
14:06:50.226 [JavaFX Application Thread] DEBUG GameScene            - Clearing game scene
14:06:50.226 [JavaFX Application Thread] DEBUG GameWorld            - Clearing game world
14:06:50.226 [JavaFX Application Thread] DEBUG PhysicsWorld         - Clearing physics world
14:06:50.227 [FXGL Background Thread 4 ] DEBUG FXGLApplication      - Initializing game
14:06:50.229 [JavaFX Application Thread] DEBUG FXGLApplication      - Registering font factories with UI factory
14:06:50.230 [FXGL Background Thread 4 ] WARN  Entity               - Entity already has component: com.almasb.fxgl.entity.components.TransformComponent
14:06:50.233 [FXGL Background Thread 4 ] DEBUG Input                - Registered new binding: action0 - W
14:06:50.233 [FXGL Background Thread 4 ] DEBUG Input                - Registered new binding: action1 - S
14:06:50.233 [FXGL Background Thread 4 ] DEBUG Input                - Registered new binding: action2 - A
14:06:50.233 [FXGL Background Thread 4 ] DEBUG Input                - Registered new binding: action3 - D
14:06:50.233 [FXGL Background Thread 4 ] INFO  FXGLApplication      - Game initialization took: 0.007 sec
14:06:50.234 [JavaFX Application Thread] DEBUG Input                - Clearing active input actions
14:06:50.238 [JavaFX Application Thread] DEBUG GameApplicationServi - Removing overlay from FXGLLoadingScene and adding to GameScene
14:06:50.238 [JavaFX Application Thread] DEBUG PrimaryStageWindow   - FXGLLoadingScene -> GameScene
14:06:50.862 [FXGL Background Thread 2 ] INFO  UpdaterService       - Your current version:  17.3
14:06:50.862 [FXGL Background Thread 2 ] INFO  UpdaterService       - Latest stable version: 21.1
14:06:53.199 [FXGL Background Thread 3 ] DEBUG Engine               - Logging environment variables
14:06:53.200 [FXGL Background Thread 3 ] DEBUG Engine               - achievements: []
14:06:53.200 [FXGL Background Thread 3 ] DEBUG Engine               - actualHeight: 600.0
14:06:53.200 [FXGL Background Thread 3 ] DEBUG Engine               - actualHeightProperty: ReadOnlyDoubleProperty [value: 600.0]
14:06:53.200 [FXGL Background Thread 3 ] DEBUG Engine               - actualWidth: 800.0
14:06:53.200 [FXGL Background Thread 3 ] DEBUG Engine               - actualWidthProperty: ReadOnlyDoubleProperty [value: 800.0]
14:06:53.200 [FXGL Background Thread 3 ] DEBUG Engine               - appIcon: fxgl_icon.png
14:06:53.200 [FXGL Background Thread 3 ] DEBUG Engine               - applicationMode: DEVELOPER
14:06:53.200 [FXGL Background Thread 3 ] DEBUG Engine               - cSSList: [fxgl_dark.css]
14:06:53.200 [FXGL Background Thread 3 ] DEBUG Engine               - collisionDetectionStrategy: BRUTE_FORCE
14:06:53.200 [FXGL Background Thread 3 ] DEBUG Engine               - configClass: Optional.empty
14:06:53.200 [FXGL Background Thread 3 ] DEBUG Engine               - credits: []
14:06:53.201 [FXGL Background Thread 3 ] DEBUG Engine               - defaultCursor: CursorInfo(imageName=fxgl_default_cursor.png, hotspotX=7.0, hotspotY=6.0)
14:06:53.201 [FXGL Background Thread 3 ] DEBUG Engine               - devBBoxColorProperty: ObjectProperty [value: 0xff0000ff]
14:06:53.201 [FXGL Background Thread 3 ] DEBUG Engine               - devEnableDebugCameraProperty: BooleanProperty [value: false]
14:06:53.201 [FXGL Background Thread 3 ] DEBUG Engine               - devSensorColorProperty: ObjectProperty [value: 0xffff00ff]
14:06:53.201 [FXGL Background Thread 3 ] DEBUG Engine               - devShowBBoxProperty: BooleanProperty [value: false]
14:06:53.201 [FXGL Background Thread 3 ] DEBUG Engine               - devShowPositionProperty: BooleanProperty [value: false]
14:06:53.201 [FXGL Background Thread 3 ] DEBUG Engine               - enabledMenuItems: []
14:06:53.201 [FXGL Background Thread 3 ] DEBUG Engine               - engineServices: [class com.almasb.fxgl.app.services.FXGLAssetLoaderService, class com.almasb.fxgl.app.FXGLApplication$GameApplicationService, class com.almasb.fxgl.app.services.FXGLDialogService, class com.almasb.fxgl.app.services.IOTaskExecutorService, class com.almasb.fxgl.io.FileSystemService, class com.almasb.fxgl.localization.LocalizationService, class com.almasb.fxgl.app.services.SystemBundleService, class com.almasb.fxgl.profile.SaveLoadService, class com.almasb.fxgl.ui.FXGLUIFactoryServiceProvider, class com.almasb.fxgl.ui.FXGLDialogFactoryServiceProvider, class com.almasb.fxgl.audio.AudioPlayer, class com.almasb.fxgl.notification.impl.NotificationServiceProvider, class com.almasb.fxgl.achievement.AchievementService, class com.almasb.fxgl.cutscene.CutsceneService, class com.almasb.fxgl.minigames.MiniGameService, class com.almasb.fxgl.net.NetService, class com.almasb.fxgl.app.services.UpdaterService, class com.almasb.fxgl.dev.DevService]
14:06:53.201 [FXGL Background Thread 3 ] DEBUG Engine               - fontGame: Abel-Regular.ttf
14:06:53.201 [FXGL Background Thread 3 ] DEBUG Engine               - fontMono: TerminalLandMono-Regular.otf
14:06:53.201 [FXGL Background Thread 3 ] DEBUG Engine               - fontSizeScaleUI: 1.0
14:06:53.201 [FXGL Background Thread 3 ] DEBUG Engine               - fontText: Courier-Prime.ttf
14:06:53.202 [FXGL Background Thread 3 ] DEBUG Engine               - fontUI: VarelaRound-Regular.ttf
14:06:53.202 [FXGL Background Thread 3 ] DEBUG Engine               - fullScreen: BooleanProperty [value: false]
14:06:53.202 [FXGL Background Thread 3 ] DEBUG Engine               - gameDifficulty: MEDIUM
14:06:53.202 [FXGL Background Thread 3 ] DEBUG Engine               - gameDifficultyProperty: ObjectProperty [value: MEDIUM]
14:06:53.202 [FXGL Background Thread 3 ] DEBUG Engine               - globalMusicVolume: 0.5
14:06:53.202 [FXGL Background Thread 3 ] DEBUG Engine               - globalMusicVolumeProperty: DoubleProperty [value: 0.5]
14:06:53.202 [FXGL Background Thread 3 ] DEBUG Engine               - globalSoundVolume: 0.5
14:06:53.202 [FXGL Background Thread 3 ] DEBUG Engine               - globalSoundVolumeProperty: DoubleProperty [value: 0.5]
14:06:53.202 [FXGL Background Thread 3 ] DEBUG Engine               - height: 600
14:06:53.202 [FXGL Background Thread 3 ] DEBUG Engine               - is3D: false
14:06:53.202 [FXGL Background Thread 3 ] DEBUG Engine               - isAndroid: false
14:06:53.202 [FXGL Background Thread 3 ] DEBUG Engine               - isBrowser: false
14:06:53.202 [FXGL Background Thread 3 ] DEBUG Engine               - isClickFeedbackEnabled: false
14:06:53.202 [FXGL Background Thread 3 ] DEBUG Engine               - isCloseConfirmation: false
14:06:53.202 [FXGL Background Thread 3 ] DEBUG Engine               - isDesktop: true
14:06:53.202 [FXGL Background Thread 3 ] DEBUG Engine               - isDeveloperMenuEnabled: false
14:06:53.202 [FXGL Background Thread 3 ] DEBUG Engine               - isEmbedded: false
14:06:53.202 [FXGL Background Thread 3 ] DEBUG Engine               - isEntityPreloadEnabled: true
14:06:53.203 [FXGL Background Thread 3 ] DEBUG Engine               - isExperimentalTiledLargeMap: false
14:06:53.203 [FXGL Background Thread 3 ] DEBUG Engine               - isFileSystemWriteAllowed: true
14:06:53.203 [FXGL Background Thread 3 ] DEBUG Engine               - isFullScreenAllowed: false
14:06:53.203 [FXGL Background Thread 3 ] DEBUG Engine               - isFullScreenFromStart: false
14:06:53.203 [FXGL Background Thread 3 ] DEBUG Engine               - isGameMenuEnabled: true
14:06:53.203 [FXGL Background Thread 3 ] DEBUG Engine               - isIOS: false
14:06:53.203 [FXGL Background Thread 3 ] DEBUG Engine               - isIntroEnabled: false
14:06:53.203 [FXGL Background Thread 3 ] DEBUG Engine               - isLinux: false
14:06:53.203 [FXGL Background Thread 3 ] DEBUG Engine               - isMac: true
14:06:53.203 [FXGL Background Thread 3 ] DEBUG Engine               - isMainMenuEnabled: false
14:06:53.203 [FXGL Background Thread 3 ] DEBUG Engine               - isManualResizeEnabled: false
14:06:53.203 [FXGL Background Thread 3 ] DEBUG Engine               - isMobile: false
14:06:53.203 [FXGL Background Thread 3 ] DEBUG Engine               - isNative: false
14:06:53.203 [FXGL Background Thread 3 ] DEBUG Engine               - isPauseMusicWhenMinimized: true
14:06:53.203 [FXGL Background Thread 3 ] DEBUG Engine               - isPreserveResizeRatio: false
14:06:53.203 [FXGL Background Thread 3 ] DEBUG Engine               - isProfilingEnabled: false
14:06:53.203 [FXGL Background Thread 3 ] DEBUG Engine               - isScaleAffectedOnResize: true
14:06:53.203 [FXGL Background Thread 3 ] DEBUG Engine               - isSingleStep: false
14:06:53.203 [FXGL Background Thread 3 ] DEBUG Engine               - isUserProfileEnabled: false
14:06:53.203 [FXGL Background Thread 3 ] DEBUG Engine               - isWindows: false
14:06:53.204 [FXGL Background Thread 3 ] DEBUG Engine               - language: ObjectProperty [value: ENGLISH]
14:06:53.204 [FXGL Background Thread 3 ] DEBUG Engine               - menuKey: ESCAPE
14:06:53.204 [FXGL Background Thread 3 ] DEBUG Engine               - mouseSensitivity: 0.2
14:06:53.204 [FXGL Background Thread 3 ] DEBUG Engine               - notificationViewClass: class com.almasb.fxgl.notification.view.XboxNotificationView
14:06:53.204 [FXGL Background Thread 3 ] DEBUG Engine               - pixelsPerMeter: 50.0
14:06:53.204 [FXGL Background Thread 3 ] DEBUG Engine               - platform: MAC
14:06:53.204 [FXGL Background Thread 3 ] DEBUG Engine               - prefHeightProperty: ReadOnlyDoubleProperty [value: 600.0]
14:06:53.204 [FXGL Background Thread 3 ] DEBUG Engine               - prefWidthProperty: ReadOnlyDoubleProperty [value: 800.0]
14:06:53.204 [FXGL Background Thread 3 ] DEBUG Engine               - profileDir: profiles/
14:06:53.204 [FXGL Background Thread 3 ] DEBUG Engine               - profileName: StringProperty [value: DEFAULT]
14:06:53.204 [FXGL Background Thread 3 ] DEBUG Engine               - randomSeed: -1
14:06:53.205 [FXGL Background Thread 3 ] DEBUG Engine               - runtimeInfo: RuntimeInfo(platform=MAC, version=17.3, build=30.03.2023 11.49)
14:06:53.205 [FXGL Background Thread 3 ] DEBUG Engine               - saveFileExt: sav
14:06:53.205 [FXGL Background Thread 3 ] DEBUG Engine               - scaledHeightProp$fxgl: DoubleProperty [bound, value: 600.0]
14:06:53.205 [FXGL Background Thread 3 ] DEBUG Engine               - scaledWidthProp$fxgl: DoubleProperty [bound, value: 800.0]
14:06:53.205 [FXGL Background Thread 3 ] DEBUG Engine               - sceneFactory: com.almasb.fxgl.app.scene.SceneFactory@3f957d2b
14:06:53.205 [FXGL Background Thread 3 ] DEBUG Engine               - secondsIn24h: 60
14:06:53.205 [FXGL Background Thread 3 ] DEBUG Engine               - soundMenuBack: menu/back.wav
14:06:53.205 [FXGL Background Thread 3 ] DEBUG Engine               - soundMenuPress: menu/press.wav
14:06:53.205 [FXGL Background Thread 3 ] DEBUG Engine               - soundMenuSelect: menu/select.wav
14:06:53.205 [FXGL Background Thread 3 ] DEBUG Engine               - soundNotification: core/notification.wav
14:06:53.205 [FXGL Background Thread 3 ] DEBUG Engine               - stageStyle: DECORATED
14:06:53.205 [FXGL Background Thread 3 ] DEBUG Engine               - supportedLanguages: [ENGLISH, FRENCH, GERMAN, HUNGARIAN, RUSSIAN]
14:06:53.205 [FXGL Background Thread 3 ] DEBUG Engine               - ticksPerSecond: -1
14:06:53.205 [FXGL Background Thread 3 ] DEBUG Engine               - title: Team Project
14:06:53.205 [FXGL Background Thread 3 ] DEBUG Engine               - urlGithub: https://github.com/AlmasB/FXGL
14:06:53.205 [FXGL Background Thread 3 ] DEBUG Engine               - urlLeaderboard: http://fxgl-top.herokuapp.com/
14:06:53.205 [FXGL Background Thread 3 ] DEBUG Engine               - urlPOM: https://raw.githubusercontent.com/AlmasB/FXGL/release/README.md
14:06:53.205 [FXGL Background Thread 3 ] DEBUG Engine               - userAppClass: class org.ncu.fresh.Main
14:06:53.205 [FXGL Background Thread 3 ] DEBUG Engine               - version: 0.0
14:06:53.205 [FXGL Background Thread 3 ] DEBUG Engine               - versionCheckDays: 7
14:06:53.205 [FXGL Background Thread 3 ] DEBUG Engine               - width: 800
14:06:53.205 [FXGL Background Thread 3 ] DEBUG Engine               - Logging services
14:06:53.206 [FXGL Background Thread 3 ] DEBUG Engine               - class com.almasb.fxgl.app.services.FXGLAssetLoaderService
14:06:53.206 [FXGL Background Thread 3 ] DEBUG Engine               - class com.almasb.fxgl.app.FXGLApplication$GameApplicationService
14:06:53.206 [FXGL Background Thread 3 ] DEBUG Engine               - class com.almasb.fxgl.app.services.FXGLDialogService
14:06:53.206 [FXGL Background Thread 3 ] DEBUG Engine               - class com.almasb.fxgl.app.services.IOTaskExecutorService
14:06:53.206 [FXGL Background Thread 3 ] DEBUG Engine               - class com.almasb.fxgl.io.FileSystemService
14:06:53.206 [FXGL Background Thread 3 ] DEBUG Engine               - class com.almasb.fxgl.localization.LocalizationService
14:06:53.206 [FXGL Background Thread 3 ] DEBUG Engine               - class com.almasb.fxgl.app.services.SystemBundleService
14:06:53.206 [FXGL Background Thread 3 ] DEBUG Engine               - class com.almasb.fxgl.profile.SaveLoadService
14:06:53.206 [FXGL Background Thread 3 ] DEBUG Engine               - class com.almasb.fxgl.ui.FXGLUIFactoryServiceProvider
14:06:53.206 [FXGL Background Thread 3 ] DEBUG Engine               - class com.almasb.fxgl.ui.FXGLDialogFactoryServiceProvider
14:06:53.206 [FXGL Background Thread 3 ] DEBUG Engine               - class com.almasb.fxgl.audio.AudioPlayer
14:06:53.206 [FXGL Background Thread 3 ] DEBUG Engine               - class com.almasb.fxgl.notification.impl.NotificationServiceProvider
14:06:53.206 [FXGL Background Thread 3 ] DEBUG Engine               - class com.almasb.fxgl.achievement.AchievementService
14:06:53.206 [FXGL Background Thread 3 ] DEBUG Engine               - class com.almasb.fxgl.cutscene.CutsceneService
14:06:53.206 [FXGL Background Thread 3 ] DEBUG Engine               - class com.almasb.fxgl.minigames.MiniGameService
14:06:53.206 [FXGL Background Thread 3 ] DEBUG Engine               - class com.almasb.fxgl.net.NetService
14:06:53.206 [FXGL Background Thread 3 ] DEBUG Engine               - class com.almasb.fxgl.app.services.UpdaterService
14:06:53.206 [FXGL Background Thread 3 ] DEBUG Engine               - class com.almasb.fxgl.dev.DevService
14:08:50.497 [JavaFX Application Thread] DEBUG FXGLApplication      - Exiting FXGL
14:08:50.498 [JavaFX Application Thread] DEBUG LoopRunner           - Stopping loop
14:08:50.498 [JavaFX Application Thread] DEBUG SystemBundleService  - Saving FXGL system data
14:08:50.503 [JavaFX Application Thread] DEBUG FileSystemAccess     - Writing to: /Users/zhangyizhong/Documents/Coding/java/freshman-project/system/fxgl.bundle
14:08:50.508 [JavaFX Application Thread] DEBUG Async                - Shutting down background threads
14:08:50.508 [JavaFX Application Thread] DEBUG PrimaryStageWindow   - Closing main window
14:08:50.517 [JavaFX Application Thread] DEBUG Logger               - Closing Logger
